[2016-02-15 22:08:49.344] [DEBUG] debug - Start
[2016-02-15 22:08:49.627] [FATAL] debug - { [Error: Cannot find module 'lru-cache'] code: 'MODULE_NOT_FOUND' }
Error: Cannot find module 'lru-cache'
    at Function.Module._resolveFilename (module.js:326:15)
    at Function.Module._load (module.js:277:25)
    at Module.require (module.js:354:17)
    at require (internal/module.js:12:17)
    at Object.<anonymous> (c:\Users\Yefu\Dropbox\work\ImageBuf\app.js:39:11)
    at Module._compile (module.js:410:26)
    at Object.Module._extensions..js (module.js:417:10)
    at Module.load (module.js:344:32)
    at Function.Module._load (module.js:301:12)
    at Function.Module.runMain (module.js:442:10)
[2016-02-15 22:11:41.407] [DEBUG] debug - Start
[2016-02-15 22:11:41.634] [FATAL] debug - { [Error: Cannot find module 'lru-cache'] code: 'MODULE_NOT_FOUND' }
Error: Cannot find module 'lru-cache'
    at Function.Module._resolveFilename (module.js:326:15)
    at Function.Module._load (module.js:277:25)
    at Module.require (module.js:354:17)
    at require (internal/module.js:12:17)
    at Object.<anonymous> (c:\Users\Yefu\Dropbox\work\ImageBuf\app.js:39:11)
    at Module._compile (module.js:410:26)
    at Object.Module._extensions..js (module.js:417:10)
    at Module.load (module.js:344:32)
    at Function.Module._load (module.js:301:12)
    at Function.Module.runMain (module.js:442:10)
[2016-02-15 22:11:57.884] [DEBUG] debug - Start
[2016-02-15 22:11:58.141] [FATAL] debug - { [Error: Cannot find module 'lru-cache'] code: 'MODULE_NOT_FOUND' }
Error: Cannot find module 'lru-cache'
    at Function.Module._resolveFilename (module.js:326:15)
    at Function.Module._load (module.js:277:25)
    at Module.require (module.js:354:17)
    at require (internal/module.js:12:17)
    at Object.<anonymous> (c:\Users\Yefu\Dropbox\work\ImageBuf\app.js:39:11)
    at Module._compile (module.js:410:26)
    at Object.Module._extensions..js (module.js:417:10)
    at Module.load (module.js:344:32)
    at Function.Module._load (module.js:301:12)
    at Function.Module.runMain (module.js:442:10)
[2016-02-15 22:15:59.535] [DEBUG] debug - Start
[2016-02-15 22:15:59.764] [FATAL] debug - { [Error: Cannot find module './node_modules/lru-cache'] code: 'MODULE_NOT_FOUND' }
Error: Cannot find module './node_modules/lru-cache'
    at Function.Module._resolveFilename (module.js:326:15)
    at Function.Module._load (module.js:277:25)
    at Module.require (module.js:354:17)
    at require (internal/module.js:12:17)
    at Object.<anonymous> (c:\Users\Yefu\Dropbox\work\ImageBuf\app.js:39:11)
    at Module._compile (module.js:410:26)
    at Object.Module._extensions..js (module.js:417:10)
    at Module.load (module.js:344:32)
    at Function.Module._load (module.js:301:12)
    at Function.Module.runMain (module.js:442:10)
[2016-02-15 22:24:57.200] [DEBUG] debug - Start
[2016-02-15 22:24:57.537] [DEBUG] debug - Error building in-memory buffer { [Error: ENOENT: no such file or directory, scandir 'c:\tmp']
  errno: -4058,
  code: 'ENOENT',
  syscall: 'scandir',
  path: 'c:\\tmp' }
Error: ENOENT: no such file or directory, scandir 'c:\tmp'
    at Error (native)
    at Object.fs.readdirSync (fs.js:808:18)
    at diveSync (c:\Users\Yefu\Dropbox\work\ImageBuf\node_modules\diveSync\diveSync.js:30:19)
    at Object.<anonymous> (c:\Users\Yefu\Dropbox\work\ImageBuf\app.js:53:1)
    at Module._compile (module.js:410:26)
    at Object.Module._extensions..js (module.js:417:10)
    at Module.load (module.js:344:32)
    at Function.Module._load (module.js:301:12)
    at Function.Module.runMain (module.js:442:10)
    at startup (node.js:136:18)
[2016-02-15 22:24:57.578] [INFO] debug - Server running at http://127.0.0.1:1337/
[2016-02-16 20:24:39.836] [DEBUG] debug - Start
[2016-02-16 20:24:40.038] [DEBUG] debug - Error building in-memory buffer { [Error: ENOENT: no such file or directory, scandir 'c:\tmp']
  errno: -4058,
  code: 'ENOENT',
  syscall: 'scandir',
  path: 'c:\\tmp' }
Error: ENOENT: no such file or directory, scandir 'c:\tmp'
    at Error (native)
    at Object.fs.readdirSync (fs.js:808:18)
    at diveSync (c:\Users\Yefu\Dropbox\work\ImageBuf\node_modules\diveSync\diveSync.js:30:19)
    at Object.<anonymous> (c:\Users\Yefu\Dropbox\work\ImageBuf\app.js:53:1)
    at Module._compile (module.js:410:26)
    at Object.Module._extensions..js (module.js:417:10)
    at Module.load (module.js:344:32)
    at Function.Module._load (module.js:301:12)
    at Function.Module.runMain (module.js:442:10)
    at startup (node.js:136:18)
[2016-02-16 20:24:40.067] [FATAL] debug - { [Error: Cannot find module 'cacheServer'] code: 'MODULE_NOT_FOUND' }
Error: Cannot find module 'cacheServer'
    at Function.Module._resolveFilename (module.js:326:15)
    at Function.Module._load (module.js:277:25)
    at Module.require (module.js:354:17)
    at require (internal/module.js:12:17)
    at Object.<anonymous> (c:\Users\Yefu\Dropbox\work\ImageBuf\app.js:159:19)
    at Module._compile (module.js:410:26)
    at Object.Module._extensions..js (module.js:417:10)
    at Module.load (module.js:344:32)
    at Function.Module._load (module.js:301:12)
    at Function.Module.runMain (module.js:442:10)
[2016-02-16 20:25:00.857] [DEBUG] debug - Start
[2016-02-16 20:25:01.151] [DEBUG] debug - Error building in-memory buffer { [Error: ENOENT: no such file or directory, scandir 'c:\tmp']
  errno: -4058,
  code: 'ENOENT',
  syscall: 'scandir',
  path: 'c:\\tmp' }
Error: ENOENT: no such file or directory, scandir 'c:\tmp'
    at Error (native)
    at Object.fs.readdirSync (fs.js:808:18)
    at diveSync (c:\Users\Yefu\Dropbox\work\ImageBuf\node_modules\diveSync\diveSync.js:30:19)
    at Object.<anonymous> (c:\Users\Yefu\Dropbox\work\ImageBuf\app.js:53:1)
    at Module._compile (module.js:410:26)
    at Object.Module._extensions..js (module.js:417:10)
    at Module.load (module.js:344:32)
    at Function.Module._load (module.js:301:12)
    at Function.Module.runMain (module.js:442:10)
    at startup (node.js:136:18)
[2016-02-16 20:25:01.192] [FATAL] debug - { [Error: Cannot find module 'lib/cacheServer'] code: 'MODULE_NOT_FOUND' }
Error: Cannot find module 'lib/cacheServer'
    at Function.Module._resolveFilename (module.js:326:15)
    at Function.Module._load (module.js:277:25)
    at Module.require (module.js:354:17)
    at require (internal/module.js:12:17)
    at Object.<anonymous> (c:\Users\Yefu\Dropbox\work\ImageBuf\app.js:159:19)
    at Module._compile (module.js:410:26)
    at Object.Module._extensions..js (module.js:417:10)
    at Module.load (module.js:344:32)
    at Function.Module._load (module.js:301:12)
    at Function.Module.runMain (module.js:442:10)
[2016-02-16 20:25:19.341] [DEBUG] debug - Start
[2016-02-16 20:25:19.596] [DEBUG] debug - Error building in-memory buffer { [Error: ENOENT: no such file or directory, scandir 'c:\tmp']
  errno: -4058,
  code: 'ENOENT',
  syscall: 'scandir',
  path: 'c:\\tmp' }
Error: ENOENT: no such file or directory, scandir 'c:\tmp'
    at Error (native)
    at Object.fs.readdirSync (fs.js:808:18)
    at diveSync (c:\Users\Yefu\Dropbox\work\ImageBuf\node_modules\diveSync\diveSync.js:30:19)
    at Object.<anonymous> (c:\Users\Yefu\Dropbox\work\ImageBuf\app.js:53:1)
    at Module._compile (module.js:410:26)
    at Object.Module._extensions..js (module.js:417:10)
    at Module.load (module.js:344:32)
    at Function.Module._load (module.js:301:12)
    at Function.Module.runMain (module.js:442:10)
    at startup (node.js:136:18)
[2016-02-16 20:25:19.627] [INFO] debug - Server running at http://127.0.0.1:1337/
[2016-02-16 20:32:10.309] [DEBUG] debug - Start
[2016-02-16 20:32:10.527] [DEBUG] debug - Error building in-memory buffer { [Error: ENOENT: no such file or directory, scandir 'c:\tmp']
  errno: -4058,
  code: 'ENOENT',
  syscall: 'scandir',
  path: 'c:\\tmp' }
Error: ENOENT: no such file or directory, scandir 'c:\tmp'
    at Error (native)
    at Object.fs.readdirSync (fs.js:808:18)
    at diveSync (c:\Users\Yefu\Dropbox\work\ImageBuf\node_modules\diveSync\diveSync.js:30:19)
    at Object.<anonymous> (c:\Users\Yefu\Dropbox\work\ImageBuf\app.js:53:1)
    at Module._compile (module.js:410:26)
    at Object.Module._extensions..js (module.js:417:10)
    at Module.load (module.js:344:32)
    at Function.Module._load (module.js:301:12)
    at Function.Module.runMain (module.js:442:10)
    at startup (node.js:136:18)
[2016-02-16 20:32:10.563] [INFO] debug - Server running at http://127.0.0.1:1337/
[2016-02-18 21:06:22.540] [DEBUG] debug - Start
[2016-02-18 21:06:22.581] [FATAL] debug - [ReferenceError: modules is not defined]
ReferenceError: modules is not defined
    at c:\Users\Yefu\Dropbox\work\ImageBuf\lib\remoteFileServer.js:7:5
    at Object.<anonymous> (c:\Users\Yefu\Dropbox\work\ImageBuf\lib\remoteFileServer.js:53:3)
    at Module._compile (module.js:410:26)
    at Object.Module._extensions..js (module.js:417:10)
    at Module.load (module.js:344:32)
    at Function.Module._load (module.js:301:12)
    at Module.require (module.js:354:17)
    at require (internal/module.js:12:17)
    at Object.<anonymous> (c:\Users\Yefu\Dropbox\work\ImageBuf\app.js:40:24)
    at Module._compile (module.js:410:26)
[2016-02-18 21:06:56.258] [DEBUG] debug - Start
[2016-02-18 21:06:56.602] [INFO] debug - Server running at http://127.0.0.1:1337/
[2016-02-18 21:07:51.465] [FATAL] debug - [ReferenceError: url is not defined]
ReferenceError: url is not defined
    at Server.serveRequest (c:\Users\Yefu\Dropbox\work\ImageBuf\lib\cacheServer.js:34:23)
    at emitTwo (events.js:87:13)
    at Server.emit (events.js:172:7)
    at HTTPParser.parserOnIncoming [as onIncoming] (_http_server.js:528:12)
    at HTTPParser.parserOnHeadersComplete (_http_common.js:88:23)
[2016-02-18 21:08:30.180] [DEBUG] debug - Start
[2016-02-18 21:08:30.448] [INFO] debug - Server running at http://127.0.0.1:1337/
[2016-02-18 21:08:30.473] [FATAL] debug - [ReferenceError: url is not defined]
ReferenceError: url is not defined
    at Server.serveRequest (c:\Users\Yefu\Dropbox\work\ImageBuf\lib\cacheServer.js:35:23)
    at emitTwo (events.js:87:13)
    at Server.emit (events.js:172:7)
    at HTTPParser.parserOnIncoming [as onIncoming] (_http_server.js:528:12)
    at HTTPParser.parserOnHeadersComplete (_http_common.js:88:23)
[2016-02-18 21:08:56.723] [DEBUG] debug - Start
[2016-02-18 21:08:56.991] [INFO] debug - Server running at http://127.0.0.1:1337/
[2016-02-18 21:09:01.147] [FATAL] debug - [ReferenceError: SourceServer is not defined]
ReferenceError: SourceServer is not defined
    at Server.serveRequest (c:\Users\Yefu\Dropbox\work\ImageBuf\lib\cacheServer.js:39:25)
    at emitTwo (events.js:87:13)
    at Server.emit (events.js:172:7)
    at HTTPParser.parserOnIncoming [as onIncoming] (_http_server.js:528:12)
    at HTTPParser.parserOnHeadersComplete (_http_common.js:88:23)
[2016-02-18 21:09:04.326] [FATAL] debug - [ReferenceError: SourceServer is not defined]
ReferenceError: SourceServer is not defined
    at Server.serveRequest (c:\Users\Yefu\Dropbox\work\ImageBuf\lib\cacheServer.js:39:25)
    at emitTwo (events.js:87:13)
    at Server.emit (events.js:172:7)
    at HTTPParser.parserOnIncoming [as onIncoming] (_http_server.js:528:12)
    at HTTPParser.parserOnHeadersComplete (_http_common.js:88:23)
[2016-02-18 21:09:53.581] [DEBUG] debug - Start
[2016-02-18 21:09:53.851] [INFO] debug - Server running at http://127.0.0.1:1337/
[2016-02-18 21:10:02.094] [FATAL] debug - [ReferenceError: LocalFolder is not defined]
ReferenceError: LocalFolder is not defined
    at Server.serveRequest (c:\Users\Yefu\Dropbox\work\ImageBuf\lib\cacheServer.js:39:25)
    at emitTwo (events.js:87:13)
    at Server.emit (events.js:172:7)
    at HTTPParser.parserOnIncoming [as onIncoming] (_http_server.js:528:12)
    at HTTPParser.parserOnHeadersComplete (_http_common.js:88:23)
[2016-02-19 05:30:47.455] [DEBUG] debug - Start
[2016-02-19 05:30:47.770] [INFO] debug - Server running at http://127.0.0.1:1337/
[2016-02-19 05:30:55.960] [FATAL] debug - [ReferenceError: cache is not defined]
ReferenceError: cache is not defined
    at Server.serveRequest (c:\Users\Yefu\Dropbox\work\ImageBuf\lib\cacheServer.js:40:12)
    at emitTwo (events.js:87:13)
    at Server.emit (events.js:172:7)
    at HTTPParser.parserOnIncoming [as onIncoming] (_http_server.js:528:12)
    at HTTPParser.parserOnHeadersComplete (_http_common.js:88:23)
[2016-02-19 06:14:14.065] [DEBUG] debug - Start
[2016-02-19 06:14:14.082] [FATAL] debug - [ReferenceError: serveRequest is not defined]
ReferenceError: serveRequest is not defined
    at new CacheServer (c:\Users\Yefu\Dropbox\work\ImageBuf\lib\cacheServer.js:15:29)
    at Object.<anonymous> (c:\Users\Yefu\Dropbox\work\ImageBuf\app.js:33:19)
    at Module._compile (module.js:410:26)
    at Object.Module._extensions..js (module.js:417:10)
    at Module.load (module.js:344:32)
    at Function.Module._load (module.js:301:12)
    at Function.Module.runMain (module.js:442:10)
    at startup (node.js:136:18)
    at node.js:966:3
[2016-02-19 06:14:42.235] [DEBUG] debug - Start
[2016-02-19 06:14:42.599] [INFO] debug - Server running at http://127.0.0.1:1337/
[2016-02-19 06:14:51.821] [FATAL] debug - [TypeError: Cannot read property 'has' of undefined]
TypeError: Cannot read property 'has' of undefined
    at Server.CacheServer.serveRequest (c:\Users\Yefu\Dropbox\work\ImageBuf\lib\cacheServer.js:39:22)
    at emitTwo (events.js:87:13)
    at Server.emit (events.js:172:7)
    at HTTPParser.parserOnIncoming [as onIncoming] (_http_server.js:528:12)
    at HTTPParser.parserOnHeadersComplete (_http_common.js:88:23)
[2016-02-19 06:21:13.345] [DEBUG] debug - Start
[2016-02-19 06:21:13.732] [INFO] debug - Server running at http://127.0.0.1:1337/
[2016-02-19 06:21:24.783] [FATAL] debug - [TypeError: Cannot read property 'has' of undefined]
TypeError: Cannot read property 'has' of undefined
    at Server.CacheServer.serveRequest (c:\Users\Yefu\Dropbox\work\ImageBuf\lib\cacheServer.js:39:22)
    at emitTwo (events.js:87:13)
    at Server.emit (events.js:172:7)
    at HTTPParser.parserOnIncoming [as onIncoming] (_http_server.js:528:12)
    at HTTPParser.parserOnHeadersComplete (_http_common.js:88:23)
[2016-02-19 06:28:24.018] [DEBUG] debug - Start
[2016-02-19 06:28:24.265] [INFO] debug - Server running at http://127.0.0.1:1337/
[2016-02-19 06:28:29.370] [FATAL] debug - [ReferenceError: logger is not defined]
ReferenceError: logger is not defined
    at RemoteFileServer.log (c:\Users\Yefu\Dropbox\work\ImageBuf\lib\remoteFileServer.js:14:16)
    at Server.CacheServer.serveRequest (c:\Users\Yefu\Dropbox\work\ImageBuf\lib\cacheServer.js:33:9)
    at emitTwo (events.js:87:13)
    at Server.emit (events.js:172:7)
    at HTTPParser.parserOnIncoming [as onIncoming] (_http_server.js:528:12)
    at HTTPParser.parserOnHeadersComplete (_http_common.js:88:23)
[2016-02-19 06:33:02.477] [DEBUG] debug - Start
[2016-02-19 06:33:02.666] [INFO] debug - Server running at http://127.0.0.1:1337/
[2016-02-19 06:33:08.293] [FATAL] debug - [TypeError: Cannot read property 'has' of undefined]
TypeError: Cannot read property 'has' of undefined
    at Server.CacheServer.serveRequest (c:\Users\Yefu\Dropbox\work\ImageBuf\lib\cacheServer.js:35:22)
    at emitTwo (events.js:87:13)
    at Server.emit (events.js:172:7)
    at HTTPParser.parserOnIncoming [as onIncoming] (_http_server.js:528:12)
    at HTTPParser.parserOnHeadersComplete (_http_common.js:88:23)
[2016-02-19 06:34:52.026] [DEBUG] debug - Start
[2016-02-19 06:34:52.307] [INFO] debug - Server running at http://127.0.0.1:1337/
[2016-02-19 06:34:56.582] [FATAL] debug - [TypeError: Cannot read property 'has' of undefined]
TypeError: Cannot read property 'has' of undefined
    at Server.CacheServer.serveRequest (c:\Users\Yefu\Dropbox\work\ImageBuf\lib\cacheServer.js:35:22)
    at emitTwo (events.js:87:13)
    at Server.emit (events.js:172:7)
    at HTTPParser.parserOnIncoming [as onIncoming] (_http_server.js:528:12)
    at HTTPParser.parserOnHeadersComplete (_http_common.js:88:23)
[2016-02-19 06:35:28.092] [DEBUG] debug - Start
[2016-02-19 06:35:28.432] [INFO] debug - Server running at http://127.0.0.1:1337/
[2016-02-19 06:35:32.766] [FATAL] debug - [TypeError: Cannot read property 'has' of undefined]
TypeError: Cannot read property 'has' of undefined
    at Server.CacheServer.serveRequest (c:\Users\Yefu\Dropbox\work\ImageBuf\lib\cacheServer.js:38:22)
    at emitTwo (events.js:87:13)
    at Server.emit (events.js:172:7)
    at HTTPParser.parserOnIncoming [as onIncoming] (_http_server.js:528:12)
    at HTTPParser.parserOnHeadersComplete (_http_common.js:88:23)
[2016-02-19 06:37:42.778] [DEBUG] debug - Start
[2016-02-19 06:37:43.032] [INFO] debug - Server running at http://127.0.0.1:1337/
[2016-02-19 06:37:50.236] [FATAL] debug - [ReferenceError: parent is not defined]
ReferenceError: parent is not defined
    at CacheServer.serveRequest (c:\Users\Yefu\Dropbox\work\ImageBuf\lib\cacheServer.js:44:13)
    at emitTwo (events.js:87:13)
    at Server.emit (events.js:172:7)
    at HTTPParser.parserOnIncoming [as onIncoming] (_http_server.js:528:12)
    at HTTPParser.parserOnHeadersComplete (_http_common.js:88:23)
[2016-02-19 06:38:27.353] [DEBUG] debug - Start
[2016-02-19 06:38:27.586] [INFO] debug - Server running at http://127.0.0.1:1337/
[2016-02-19 06:38:32.199] [FATAL] debug - [ReferenceError: fileName is not defined]
ReferenceError: fileName is not defined
    at CacheServer.serveRequest (c:\Users\Yefu\Dropbox\work\ImageBuf\lib\cacheServer.js:44:30)
    at emitTwo (events.js:87:13)
    at Server.emit (events.js:172:7)
    at HTTPParser.parserOnIncoming [as onIncoming] (_http_server.js:528:12)
    at HTTPParser.parserOnHeadersComplete (_http_common.js:88:23)
[2016-02-19 06:39:00.437] [DEBUG] debug - Start
[2016-02-19 06:39:00.693] [INFO] debug - Server running at http://127.0.0.1:1337/
[2016-02-19 06:39:05.573] [FATAL] debug - [ReferenceError: path is not defined]
ReferenceError: path is not defined
    at LocalFileServer.load (c:\Users\Yefu\Dropbox\work\ImageBuf\lib\localFileServer.js:37:25)
    at CacheServer.serveRequest (c:\Users\Yefu\Dropbox\work\ImageBuf\lib\cacheServer.js:44:25)
    at emitTwo (events.js:87:13)
    at Server.emit (events.js:172:7)
    at HTTPParser.parserOnIncoming [as onIncoming] (_http_server.js:528:12)
    at HTTPParser.parserOnHeadersComplete (_http_common.js:88:23)
[2016-02-19 06:54:57.565] [DEBUG] debug - Start
[2016-02-19 06:54:57.912] [INFO] debug - Server running at http://127.0.0.1:1337/
[2016-02-19 06:55:05.279] [FATAL] debug - [ReferenceError: filename is not defined]
ReferenceError: filename is not defined
    at LocalFileServer.load (c:\Users\Yefu\Dropbox\work\ImageBuf\lib\localFileServer.js:39:38)
    at CacheServer.serveRequest (c:\Users\Yefu\Dropbox\work\ImageBuf\lib\cacheServer.js:44:25)
    at emitTwo (events.js:87:13)
    at Server.emit (events.js:172:7)
    at HTTPParser.parserOnIncoming [as onIncoming] (_http_server.js:528:12)
    at HTTPParser.parserOnHeadersComplete (_http_common.js:88:23)
[2016-02-19 06:55:39.701] [DEBUG] debug - Start
[2016-02-19 06:55:39.979] [INFO] debug - Server running at http://127.0.0.1:1337/
[2016-02-19 07:40:59.436] [DEBUG] debug - Start
[2016-02-19 07:40:59.777] [INFO] debug - Server running at http://127.0.0.1:1337/
[2016-02-19 07:41:06.337] [DEBUG] debug - CacheServer {
  setParent: [Function],
  sizeLimit: 100000,
  setLogger: [Function],
  log: [Function],
  cache: 
   LRUCache {
     _max: 100000,
     _lengthCalculator: [Function],
     _allowStale: false,
     _maxAge: null,
     _dispose: undefined,
     _cache: {},
     _lruList: {},
     _mru: 0,
     _lru: 0,
     _length: 0,
     _itemCount: 0 },
  logger: 
   Logger {
     category: 'debug',
     _events: { log: [Object] },
     _eventsCount: 1,
     level: Level { level: 10000, levelStr: 'DEBUG' } },
  parent: 
   LocalFileServer {
     path: 'C:\\Users\\Yefu\\AppData\\Local\\Temp\\d-116119-7048-uo1h34',
     setLogger: [Function],
     log: [Function],
     setParent: [Function],
     setFilter: [Function] } } undefined
[2016-02-19 07:42:39.341] [DEBUG] debug - Start
[2016-02-19 07:42:39.645] [INFO] debug - Server running at http://127.0.0.1:1337/
[2016-02-19 07:42:43.914] [FATAL] debug - [ReferenceError: logger is not defined]
ReferenceError: logger is not defined
    at LocalFileServer.log (c:\Users\Yefu\Dropbox\work\ImageBuf\lib\localFileServer.js:21:16)
    at LocalFileServer.load (c:\Users\Yefu\Dropbox\work\ImageBuf\lib\localFileServer.js:41:14)
    at CacheServer.serveRequest (c:\Users\Yefu\Dropbox\work\ImageBuf\lib\cacheServer.js:43:25)
    at emitTwo (events.js:87:13)
    at Server.emit (events.js:172:7)
    at HTTPParser.parserOnIncoming [as onIncoming] (_http_server.js:528:12)
    at HTTPParser.parserOnHeadersComplete (_http_common.js:88:23)
[2016-02-19 07:43:25.973] [DEBUG] debug - Start
[2016-02-19 07:43:26.237] [INFO] debug - Server running at http://127.0.0.1:1337/
[2016-02-19 07:44:42.941] [DEBUG] debug - Start
[2016-02-19 07:44:43.178] [INFO] debug - Server running at http://127.0.0.1:1337/
[2016-02-19 07:45:42.419] [DEBUG] debug - Start
[2016-02-19 07:45:42.719] [INFO] debug - Server running at http://127.0.0.1:1337/
[2016-02-19 07:45:45.604] [DEBUG] debug - Checking C:\Users\Yefu\AppData\Local\Temp\d-116119-3192-1sk3nq4/2015/dec/birthday/DSC_0002.JPG.resize undefined
[2016-02-19 12:35:43.451] [DEBUG] debug - Start
[2016-02-19 12:35:43.772] [FATAL] debug - [TypeError: Cannot read property 'setLogger' of undefined]
TypeError: Cannot read property 'setLogger' of undefined
    at Object.<anonymous> (c:\Users\Yefu\Dropbox\work\ImageBuf\app.js:43:17)
    at Module._compile (module.js:410:26)
    at Object.Module._extensions..js (module.js:417:10)
    at Module.load (module.js:344:32)
    at Function.Module._load (module.js:301:12)
    at Function.Module.runMain (module.js:442:10)
    at startup (node.js:136:18)
    at node.js:966:3
[2016-02-19 12:36:32.195] [DEBUG] debug - Start
[2016-02-19 12:36:32.526] [INFO] debug - Server running at http://127.0.0.1:1337/
[2016-02-19 12:36:40.628] [DEBUG] debug - Checking C:\Users\Yefu\AppData\Local\Temp\d-116119-7724-15o8aw2/2015/dec/birthday/DSC_0002.JPG.resize undefined
[2016-02-19 12:37:06.773] [DEBUG] debug - Start
[2016-02-19 12:37:07.026] [INFO] debug - Server running at http://127.0.0.1:1337/
[2016-02-19 12:37:14.609] [DEBUG] debug - Checking C:\Users\Yefu\AppData\Local\Temp\d-116119-7388-4irym8/2015/dec/birthday/DSC_0002.JPG.resize undefined
[2016-02-19 12:37:52.849] [DEBUG] debug - Start
[2016-02-19 12:37:53.088] [INFO] debug - Server running at http://127.0.0.1:1337/
[2016-02-19 12:38:43.373] [DEBUG] debug - Start
[2016-02-19 12:38:43.617] [INFO] debug - Server running at http://127.0.0.1:1337/
[2016-02-19 12:38:47.486] [DEBUG] debug - Checking C:\Users\Yefu\AppData\Local\Temp\d-116119-7004-5l66ak/2015/dec/birthday/DSC_0002.JPG.resize undefined
[2016-02-19 12:38:47.494] [FATAL] debug - [TypeError: this.log is not a function]
TypeError: this.log is not a function
    at ReadFileContext.callback (c:\Users\Yefu\Dropbox\work\ImageBuf\lib\localFileServer.js:57:26)
    at FSReqWrap.readFileAfterOpen [as oncomplete] (fs.js:303:13)
[2016-02-19 12:40:47.661] [DEBUG] debug - Checking C:\Users\Yefu\AppData\Local\Temp\d-116119-7004-5l66ak/2015/dec/birthday/DSC_0002.JPG.resize undefined
[2016-02-19 12:40:47.662] [FATAL] debug - [TypeError: this.log is not a function]
TypeError: this.log is not a function
    at ReadFileContext.callback (c:\Users\Yefu\Dropbox\work\ImageBuf\lib\localFileServer.js:57:26)
    at FSReqWrap.readFileAfterOpen [as oncomplete] (fs.js:303:13)
[2016-02-19 12:44:18.775] [DEBUG] debug - Start
[2016-02-19 12:44:19.088] [INFO] debug - Server running at http://127.0.0.1:1337/
[2016-02-19 12:44:39.247] [DEBUG] debug - Checking C:\Users\Yefu\AppData\Local\Temp\d-116119-4728-ca04ra/2015/dec/birthday/DSC_0002.JPG.resize undefined
[2016-02-19 12:44:39.253] [DEBUG] debug - Parent does not exist undefined
[2016-02-19 12:45:43.407] [DEBUG] debug - Start
[2016-02-19 12:45:43.738] [INFO] debug - Server running at http://127.0.0.1:1337/
[2016-02-19 12:45:47.722] [DEBUG] debug - Checking C:\Users\Yefu\AppData\Local\Temp\d-116119-4772-fpqee9/2015/dec/birthday/DSC_0002.JPG.resize undefined
[2016-02-19 12:45:47.729] [DEBUG] debug - Loading from parent  undefined
[2016-02-19 12:45:47.731] [FATAL] debug - [ReferenceError: baseURL is not defined]
ReferenceError: baseURL is not defined
    at RemoteFileServer.load (c:\Users\Yefu\Dropbox\work\ImageBuf\lib\remoteFileServer.js:31:26)
    at ReadFileContext.callback (c:\Users\Yefu\Dropbox\work\ImageBuf\lib\localFileServer.js:53:36)
    at FSReqWrap.readFileAfterOpen [as oncomplete] (fs.js:303:13)
[2016-02-19 12:46:40.572] [DEBUG] debug - Start
[2016-02-19 12:46:40.840] [INFO] debug - Server running at http://127.0.0.1:1337/
[2016-02-19 12:46:40.914] [DEBUG] debug - Checking C:\Users\Yefu\AppData\Local\Temp\d-116119-5560-1p377pc/2015/dec/birthday/DSC_0002.JPG.resize undefined
[2016-02-19 12:46:40.917] [DEBUG] debug - Loading from parent  undefined
[2016-02-19 12:46:40.918] [FATAL] debug - [ReferenceError: sourceURL is not defined]
ReferenceError: sourceURL is not defined
    at RemoteFileServer.load (c:\Users\Yefu\Dropbox\work\ImageBuf\lib\remoteFileServer.js:33:20)
    at ReadFileContext.callback (c:\Users\Yefu\Dropbox\work\ImageBuf\lib\localFileServer.js:53:36)
    at FSReqWrap.readFileAfterOpen [as oncomplete] (fs.js:303:13)
[2016-02-19 12:47:04.111] [DEBUG] debug - Start
[2016-02-19 12:47:04.387] [INFO] debug - Server running at http://127.0.0.1:1337/
[2016-02-19 12:47:07.900] [DEBUG] debug - Checking C:\Users\Yefu\AppData\Local\Temp\d-116119-9680-13ycx5j/2015/dec/birthday/DSC_0002.JPG.resize undefined
[2016-02-19 12:47:07.907] [DEBUG] debug - Loading from parent  undefined
[2016-02-19 12:47:09.263] [FATAL] debug - [ReferenceError: filter is not defined]
ReferenceError: filter is not defined
    at Request._callback (c:\Users\Yefu\Dropbox\work\ImageBuf\lib\remoteFileServer.js:35:21)
    at Request.self.callback (c:\Users\Yefu\Dropbox\work\ImageBuf\node_modules\request\request.js:344:22)
    at emitTwo (events.js:87:13)
    at Request.emit (events.js:172:7)
    at Request.<anonymous> (c:\Users\Yefu\Dropbox\work\ImageBuf\node_modules\request\request.js:1239:14)
    at emitOne (events.js:82:20)
    at Request.emit (events.js:169:7)
    at IncomingMessage.<anonymous> (c:\Users\Yefu\Dropbox\work\ImageBuf\node_modules\request\request.js:1187:12)
    at emitNone (events.js:72:20)
    at IncomingMessage.emit (events.js:166:7)
[2016-02-19 12:47:38.049] [DEBUG] debug - Start
[2016-02-19 12:47:38.334] [INFO] debug - Server running at http://127.0.0.1:1337/
[2016-02-19 12:47:41.946] [DEBUG] debug - Checking C:\Users\Yefu\AppData\Local\Temp\d-116119-668-d3jb0y/2015/dec/birthday/DSC_0002.JPG.resize undefined
[2016-02-19 12:47:41.953] [DEBUG] debug - Loading from parent  undefined
[2016-02-19 12:47:43.323] [FATAL] debug - [TypeError: fs.writefile is not a function]
TypeError: fs.writefile is not a function
    at c:\Users\Yefu\Dropbox\work\ImageBuf\lib\localFileServer.js:54:28
    at Request._callback (c:\Users\Yefu\Dropbox\work\ImageBuf\lib\remoteFileServer.js:44:21)
    at Request.self.callback (c:\Users\Yefu\Dropbox\work\ImageBuf\node_modules\request\request.js:344:22)
    at emitTwo (events.js:87:13)
    at Request.emit (events.js:172:7)
    at Request.<anonymous> (c:\Users\Yefu\Dropbox\work\ImageBuf\node_modules\request\request.js:1239:14)
    at emitOne (events.js:82:20)
    at Request.emit (events.js:169:7)
    at IncomingMessage.<anonymous> (c:\Users\Yefu\Dropbox\work\ImageBuf\node_modules\request\request.js:1187:12)
    at emitNone (events.js:72:20)
[2016-02-19 12:49:47.092] [DEBUG] debug - Checking C:\Users\Yefu\AppData\Local\Temp\d-116119-668-d3jb0y/2015/dec/birthday/DSC_0002.JPG.resize undefined
[2016-02-19 12:49:47.093] [DEBUG] debug - Loading from parent  undefined
[2016-02-19 12:49:48.294] [FATAL] debug - [TypeError: fs.writefile is not a function]
TypeError: fs.writefile is not a function
    at c:\Users\Yefu\Dropbox\work\ImageBuf\lib\localFileServer.js:54:28
    at Request._callback (c:\Users\Yefu\Dropbox\work\ImageBuf\lib\remoteFileServer.js:44:21)
    at Request.self.callback (c:\Users\Yefu\Dropbox\work\ImageBuf\node_modules\request\request.js:344:22)
    at emitTwo (events.js:87:13)
    at Request.emit (events.js:172:7)
    at Request.<anonymous> (c:\Users\Yefu\Dropbox\work\ImageBuf\node_modules\request\request.js:1239:14)
    at emitOne (events.js:82:20)
    at Request.emit (events.js:169:7)
    at IncomingMessage.<anonymous> (c:\Users\Yefu\Dropbox\work\ImageBuf\node_modules\request\request.js:1187:12)
    at emitNone (events.js:72:20)
    at IncomingMessage.emit (events.js:166:7)
[2016-02-19 12:52:17.097] [DEBUG] debug - Checking C:\Users\Yefu\AppData\Local\Temp\d-116119-668-d3jb0y/2015/dec/birthday/DSC_0002.JPG.resize undefined
[2016-02-19 12:52:17.098] [DEBUG] debug - Loading from parent  undefined
[2016-02-19 12:52:18.494] [FATAL] debug - [TypeError: fs.writefile is not a function]
TypeError: fs.writefile is not a function
    at c:\Users\Yefu\Dropbox\work\ImageBuf\lib\localFileServer.js:54:28
    at Request._callback (c:\Users\Yefu\Dropbox\work\ImageBuf\lib\remoteFileServer.js:44:21)
    at Request.self.callback (c:\Users\Yefu\Dropbox\work\ImageBuf\node_modules\request\request.js:344:22)
    at emitTwo (events.js:87:13)
    at Request.emit (events.js:172:7)
    at Request.<anonymous> (c:\Users\Yefu\Dropbox\work\ImageBuf\node_modules\request\request.js:1239:14)
    at emitOne (events.js:82:20)
    at Request.emit (events.js:169:7)
    at IncomingMessage.<anonymous> (c:\Users\Yefu\Dropbox\work\ImageBuf\node_modules\request\request.js:1187:12)
    at emitNone (events.js:72:20)
    at IncomingMessage.emit (events.js:166:7)
[2016-02-19 12:55:17.102] [DEBUG] debug - Checking C:\Users\Yefu\AppData\Local\Temp\d-116119-668-d3jb0y/2015/dec/birthday/DSC_0002.JPG.resize undefined
[2016-02-19 12:55:17.104] [DEBUG] debug - Loading from parent  undefined
[2016-02-19 12:55:18.487] [FATAL] debug - [TypeError: fs.writefile is not a function]
TypeError: fs.writefile is not a function
    at c:\Users\Yefu\Dropbox\work\ImageBuf\lib\localFileServer.js:54:28
    at Request._callback (c:\Users\Yefu\Dropbox\work\ImageBuf\lib\remoteFileServer.js:44:21)
    at Request.self.callback (c:\Users\Yefu\Dropbox\work\ImageBuf\node_modules\request\request.js:344:22)
    at emitTwo (events.js:87:13)
    at Request.emit (events.js:172:7)
    at Request.<anonymous> (c:\Users\Yefu\Dropbox\work\ImageBuf\node_modules\request\request.js:1239:14)
    at emitOne (events.js:82:20)
    at Request.emit (events.js:169:7)
    at IncomingMessage.<anonymous> (c:\Users\Yefu\Dropbox\work\ImageBuf\node_modules\request\request.js:1187:12)
    at emitNone (events.js:72:20)
    at IncomingMessage.emit (events.js:166:7)
[2016-02-19 12:59:19.925] [DEBUG] debug - Start
[2016-02-19 12:59:20.260] [INFO] debug - Server running at http://127.0.0.1:1337/
[2016-02-19 12:59:26.978] [DEBUG] debug - Checking C:\Users\Yefu\AppData\Local\Temp\d-116119-4568-wlqljc/2015/dec/birthday/DSC_0002.JPG.resize undefined
[2016-02-19 12:59:26.984] [DEBUG] debug - Loading from parent  undefined
[2016-02-19 12:59:28.138] [FATAL] debug - [TypeError: Cannot read property 'set' of undefined]
TypeError: Cannot read property 'set' of undefined
    at parent.load.res.writeHead.Content-Type (c:\Users\Yefu\Dropbox\work\ImageBuf\lib\cacheServer.js:45:31)
    at c:\Users\Yefu\Dropbox\work\ImageBuf\lib\localFileServer.js:55:25
    at Request._callback (c:\Users\Yefu\Dropbox\work\ImageBuf\lib\remoteFileServer.js:44:21)
    at Request.self.callback (c:\Users\Yefu\Dropbox\work\ImageBuf\node_modules\request\request.js:344:22)
    at emitTwo (events.js:87:13)
    at Request.emit (events.js:172:7)
    at Request.<anonymous> (c:\Users\Yefu\Dropbox\work\ImageBuf\node_modules\request\request.js:1239:14)
    at emitOne (events.js:82:20)
    at Request.emit (events.js:169:7)
    at IncomingMessage.<anonymous> (c:\Users\Yefu\Dropbox\work\ImageBuf\node_modules\request\request.js:1187:12)
[2016-02-19 12:59:28.144] [FATAL] debug - { [Error: ENOENT: no such file or directory, open 'C:\Users\Yefu\AppData\Local\Temp\d-116119-4568-wlqljc\2015\dec\birthday\DSC_0002.JPG.resize']
  errno: -4058,
  code: 'ENOENT',
  syscall: 'open',
  path: 'C:\\Users\\Yefu\\AppData\\Local\\Temp\\d-116119-4568-wlqljc\\2015\\dec\\birthday\\DSC_0002.JPG.resize' }
Error: ENOENT: no such file or directory, open 'C:\Users\Yefu\AppData\Local\Temp\d-116119-4568-wlqljc\2015\dec\birthday\DSC_0002.JPG.resize'
    at Error (native)
[2016-02-19 13:06:27.159] [DEBUG] debug - Checking C:\Users\Yefu\AppData\Local\Temp\d-116119-4568-wlqljc/2015/dec/birthday/DSC_0002.JPG.resize undefined
[2016-02-19 13:06:27.160] [DEBUG] debug - Loading from parent  undefined
[2016-02-19 13:06:28.755] [FATAL] debug - [TypeError: Cannot read property 'set' of undefined]
TypeError: Cannot read property 'set' of undefined
    at parent.load.res.writeHead.Content-Type (c:\Users\Yefu\Dropbox\work\ImageBuf\lib\cacheServer.js:45:31)
    at c:\Users\Yefu\Dropbox\work\ImageBuf\lib\localFileServer.js:55:25
    at Request._callback (c:\Users\Yefu\Dropbox\work\ImageBuf\lib\remoteFileServer.js:44:21)
    at Request.self.callback (c:\Users\Yefu\Dropbox\work\ImageBuf\node_modules\request\request.js:344:22)
    at emitTwo (events.js:87:13)
    at Request.emit (events.js:172:7)
    at Request.<anonymous> (c:\Users\Yefu\Dropbox\work\ImageBuf\node_modules\request\request.js:1239:14)
    at emitOne (events.js:82:20)
    at Request.emit (events.js:169:7)
    at IncomingMessage.<anonymous> (c:\Users\Yefu\Dropbox\work\ImageBuf\node_modules\request\request.js:1187:12)
[2016-02-19 13:06:28.760] [FATAL] debug - { [Error: ENOENT: no such file or directory, open 'C:\Users\Yefu\AppData\Local\Temp\d-116119-4568-wlqljc\2015\dec\birthday\DSC_0002.JPG.resize']
  errno: -4058,
  code: 'ENOENT',
  syscall: 'open',
  path: 'C:\\Users\\Yefu\\AppData\\Local\\Temp\\d-116119-4568-wlqljc\\2015\\dec\\birthday\\DSC_0002.JPG.resize' }
Error: ENOENT: no such file or directory, open 'C:\Users\Yefu\AppData\Local\Temp\d-116119-4568-wlqljc\2015\dec\birthday\DSC_0002.JPG.resize'
    at Error (native)
[2016-02-19 13:18:27.170] [DEBUG] debug - Checking C:\Users\Yefu\AppData\Local\Temp\d-116119-4568-wlqljc/2015/dec/birthday/DSC_0002.JPG.resize undefined
[2016-02-19 13:18:27.171] [DEBUG] debug - Loading from parent  undefined
[2016-02-19 13:18:29.154] [FATAL] debug - [TypeError: Cannot read property 'set' of undefined]
TypeError: Cannot read property 'set' of undefined
    at parent.load.res.writeHead.Content-Type (c:\Users\Yefu\Dropbox\work\ImageBuf\lib\cacheServer.js:45:31)
    at c:\Users\Yefu\Dropbox\work\ImageBuf\lib\localFileServer.js:55:25
    at Request._callback (c:\Users\Yefu\Dropbox\work\ImageBuf\lib\remoteFileServer.js:44:21)
    at Request.self.callback (c:\Users\Yefu\Dropbox\work\ImageBuf\node_modules\request\request.js:344:22)
    at emitTwo (events.js:87:13)
    at Request.emit (events.js:172:7)
    at Request.<anonymous> (c:\Users\Yefu\Dropbox\work\ImageBuf\node_modules\request\request.js:1239:14)
    at emitOne (events.js:82:20)
    at Request.emit (events.js:169:7)
    at IncomingMessage.<anonymous> (c:\Users\Yefu\Dropbox\work\ImageBuf\node_modules\request\request.js:1187:12)
[2016-02-19 13:18:29.155] [FATAL] debug - { [Error: ENOENT: no such file or directory, open 'C:\Users\Yefu\AppData\Local\Temp\d-116119-4568-wlqljc\2015\dec\birthday\DSC_0002.JPG.resize']
  errno: -4058,
  code: 'ENOENT',
  syscall: 'open',
  path: 'C:\\Users\\Yefu\\AppData\\Local\\Temp\\d-116119-4568-wlqljc\\2015\\dec\\birthday\\DSC_0002.JPG.resize' }
Error: ENOENT: no such file or directory, open 'C:\Users\Yefu\AppData\Local\Temp\d-116119-4568-wlqljc\2015\dec\birthday\DSC_0002.JPG.resize'
    at Error (native)
[2016-02-19 13:50:27.179] [DEBUG] debug - Checking C:\Users\Yefu\AppData\Local\Temp\d-116119-4568-wlqljc/2015/dec/birthday/DSC_0002.JPG.resize undefined
[2016-02-19 13:50:27.180] [DEBUG] debug - Loading from parent  undefined
[2016-02-19 13:50:28.887] [FATAL] debug - [TypeError: Cannot read property 'set' of undefined]
TypeError: Cannot read property 'set' of undefined
    at parent.load.res.writeHead.Content-Type (c:\Users\Yefu\Dropbox\work\ImageBuf\lib\cacheServer.js:45:31)
    at c:\Users\Yefu\Dropbox\work\ImageBuf\lib\localFileServer.js:55:25
    at Request._callback (c:\Users\Yefu\Dropbox\work\ImageBuf\lib\remoteFileServer.js:44:21)
    at Request.self.callback (c:\Users\Yefu\Dropbox\work\ImageBuf\node_modules\request\request.js:344:22)
    at emitTwo (events.js:87:13)
    at Request.emit (events.js:172:7)
    at Request.<anonymous> (c:\Users\Yefu\Dropbox\work\ImageBuf\node_modules\request\request.js:1239:14)
    at emitOne (events.js:82:20)
    at Request.emit (events.js:169:7)
    at IncomingMessage.<anonymous> (c:\Users\Yefu\Dropbox\work\ImageBuf\node_modules\request\request.js:1187:12)
[2016-02-19 13:50:28.888] [FATAL] debug - { [Error: ENOENT: no such file or directory, open 'C:\Users\Yefu\AppData\Local\Temp\d-116119-4568-wlqljc\2015\dec\birthday\DSC_0002.JPG.resize']
  errno: -4058,
  code: 'ENOENT',
  syscall: 'open',
  path: 'C:\\Users\\Yefu\\AppData\\Local\\Temp\\d-116119-4568-wlqljc\\2015\\dec\\birthday\\DSC_0002.JPG.resize' }
Error: ENOENT: no such file or directory, open 'C:\Users\Yefu\AppData\Local\Temp\d-116119-4568-wlqljc\2015\dec\birthday\DSC_0002.JPG.resize'
    at Error (native)
[2016-02-19 14:22:27.188] [DEBUG] debug - Checking C:\Users\Yefu\AppData\Local\Temp\d-116119-4568-wlqljc/2015/dec/birthday/DSC_0002.JPG.resize undefined
[2016-02-19 14:22:27.189] [DEBUG] debug - Loading from parent  undefined
[2016-02-19 14:22:28.853] [FATAL] debug - [TypeError: Cannot read property 'set' of undefined]
TypeError: Cannot read property 'set' of undefined
    at parent.load.res.writeHead.Content-Type (c:\Users\Yefu\Dropbox\work\ImageBuf\lib\cacheServer.js:45:31)
    at c:\Users\Yefu\Dropbox\work\ImageBuf\lib\localFileServer.js:55:25
    at Request._callback (c:\Users\Yefu\Dropbox\work\ImageBuf\lib\remoteFileServer.js:44:21)
    at Request.self.callback (c:\Users\Yefu\Dropbox\work\ImageBuf\node_modules\request\request.js:344:22)
    at emitTwo (events.js:87:13)
    at Request.emit (events.js:172:7)
    at Request.<anonymous> (c:\Users\Yefu\Dropbox\work\ImageBuf\node_modules\request\request.js:1239:14)
    at emitOne (events.js:82:20)
    at Request.emit (events.js:169:7)
    at IncomingMessage.<anonymous> (c:\Users\Yefu\Dropbox\work\ImageBuf\node_modules\request\request.js:1187:12)
[2016-02-19 14:22:28.855] [FATAL] debug - { [Error: ENOENT: no such file or directory, open 'C:\Users\Yefu\AppData\Local\Temp\d-116119-4568-wlqljc\2015\dec\birthday\DSC_0002.JPG.resize']
  errno: -4058,
  code: 'ENOENT',
  syscall: 'open',
  path: 'C:\\Users\\Yefu\\AppData\\Local\\Temp\\d-116119-4568-wlqljc\\2015\\dec\\birthday\\DSC_0002.JPG.resize' }
Error: ENOENT: no such file or directory, open 'C:\Users\Yefu\AppData\Local\Temp\d-116119-4568-wlqljc\2015\dec\birthday\DSC_0002.JPG.resize'
    at Error (native)
[2016-02-19 14:54:27.196] [DEBUG] debug - Checking C:\Users\Yefu\AppData\Local\Temp\d-116119-4568-wlqljc/2015/dec/birthday/DSC_0002.JPG.resize undefined
[2016-02-19 14:54:27.198] [DEBUG] debug - Loading from parent  undefined
[2016-02-19 14:54:28.892] [FATAL] debug - [TypeError: Cannot read property 'set' of undefined]
TypeError: Cannot read property 'set' of undefined
    at parent.load.res.writeHead.Content-Type (c:\Users\Yefu\Dropbox\work\ImageBuf\lib\cacheServer.js:45:31)
    at c:\Users\Yefu\Dropbox\work\ImageBuf\lib\localFileServer.js:55:25
    at Request._callback (c:\Users\Yefu\Dropbox\work\ImageBuf\lib\remoteFileServer.js:44:21)
    at Request.self.callback (c:\Users\Yefu\Dropbox\work\ImageBuf\node_modules\request\request.js:344:22)
    at emitTwo (events.js:87:13)
    at Request.emit (events.js:172:7)
    at Request.<anonymous> (c:\Users\Yefu\Dropbox\work\ImageBuf\node_modules\request\request.js:1239:14)
    at emitOne (events.js:82:20)
    at Request.emit (events.js:169:7)
    at IncomingMessage.<anonymous> (c:\Users\Yefu\Dropbox\work\ImageBuf\node_modules\request\request.js:1187:12)
[2016-02-19 14:54:28.914] [FATAL] debug - { [Error: ENOENT: no such file or directory, open 'C:\Users\Yefu\AppData\Local\Temp\d-116119-4568-wlqljc\2015\dec\birthday\DSC_0002.JPG.resize']
  errno: -4058,
  code: 'ENOENT',
  syscall: 'open',
  path: 'C:\\Users\\Yefu\\AppData\\Local\\Temp\\d-116119-4568-wlqljc\\2015\\dec\\birthday\\DSC_0002.JPG.resize' }
Error: ENOENT: no such file or directory, open 'C:\Users\Yefu\AppData\Local\Temp\d-116119-4568-wlqljc\2015\dec\birthday\DSC_0002.JPG.resize'
    at Error (native)
[2016-02-19 15:26:27.199] [DEBUG] debug - Checking C:\Users\Yefu\AppData\Local\Temp\d-116119-4568-wlqljc/2015/dec/birthday/DSC_0002.JPG.resize undefined
[2016-02-19 15:26:27.200] [DEBUG] debug - Loading from parent  undefined
[2016-02-19 15:26:28.458] [FATAL] debug - [TypeError: Cannot read property 'set' of undefined]
TypeError: Cannot read property 'set' of undefined
    at parent.load.res.writeHead.Content-Type (c:\Users\Yefu\Dropbox\work\ImageBuf\lib\cacheServer.js:45:31)
    at c:\Users\Yefu\Dropbox\work\ImageBuf\lib\localFileServer.js:55:25
    at Request._callback (c:\Users\Yefu\Dropbox\work\ImageBuf\lib\remoteFileServer.js:44:21)
    at Request.self.callback (c:\Users\Yefu\Dropbox\work\ImageBuf\node_modules\request\request.js:344:22)
    at emitTwo (events.js:87:13)
    at Request.emit (events.js:172:7)
    at Request.<anonymous> (c:\Users\Yefu\Dropbox\work\ImageBuf\node_modules\request\request.js:1239:14)
    at emitOne (events.js:82:20)
    at Request.emit (events.js:169:7)
    at IncomingMessage.<anonymous> (c:\Users\Yefu\Dropbox\work\ImageBuf\node_modules\request\request.js:1187:12)
[2016-02-19 15:26:28.460] [FATAL] debug - { [Error: ENOENT: no such file or directory, open 'C:\Users\Yefu\AppData\Local\Temp\d-116119-4568-wlqljc\2015\dec\birthday\DSC_0002.JPG.resize']
  errno: -4058,
  code: 'ENOENT',
  syscall: 'open',
  path: 'C:\\Users\\Yefu\\AppData\\Local\\Temp\\d-116119-4568-wlqljc\\2015\\dec\\birthday\\DSC_0002.JPG.resize' }
Error: ENOENT: no such file or directory, open 'C:\Users\Yefu\AppData\Local\Temp\d-116119-4568-wlqljc\2015\dec\birthday\DSC_0002.JPG.resize'
    at Error (native)
[2016-02-19 15:58:27.210] [DEBUG] debug - Checking C:\Users\Yefu\AppData\Local\Temp\d-116119-4568-wlqljc/2015/dec/birthday/DSC_0002.JPG.resize undefined
[2016-02-19 15:58:27.211] [DEBUG] debug - Loading from parent  undefined
[2016-02-19 15:58:28.721] [FATAL] debug - [TypeError: Cannot read property 'set' of undefined]
TypeError: Cannot read property 'set' of undefined
    at parent.load.res.writeHead.Content-Type (c:\Users\Yefu\Dropbox\work\ImageBuf\lib\cacheServer.js:45:31)
    at c:\Users\Yefu\Dropbox\work\ImageBuf\lib\localFileServer.js:55:25
    at Request._callback (c:\Users\Yefu\Dropbox\work\ImageBuf\lib\remoteFileServer.js:44:21)
    at Request.self.callback (c:\Users\Yefu\Dropbox\work\ImageBuf\node_modules\request\request.js:344:22)
    at emitTwo (events.js:87:13)
    at Request.emit (events.js:172:7)
    at Request.<anonymous> (c:\Users\Yefu\Dropbox\work\ImageBuf\node_modules\request\request.js:1239:14)
    at emitOne (events.js:82:20)
    at Request.emit (events.js:169:7)
    at IncomingMessage.<anonymous> (c:\Users\Yefu\Dropbox\work\ImageBuf\node_modules\request\request.js:1187:12)
[2016-02-19 15:58:28.724] [FATAL] debug - { [Error: ENOENT: no such file or directory, open 'C:\Users\Yefu\AppData\Local\Temp\d-116119-4568-wlqljc\2015\dec\birthday\DSC_0002.JPG.resize']
  errno: -4058,
  code: 'ENOENT',
  syscall: 'open',
  path: 'C:\\Users\\Yefu\\AppData\\Local\\Temp\\d-116119-4568-wlqljc\\2015\\dec\\birthday\\DSC_0002.JPG.resize' }
Error: ENOENT: no such file or directory, open 'C:\Users\Yefu\AppData\Local\Temp\d-116119-4568-wlqljc\2015\dec\birthday\DSC_0002.JPG.resize'
    at Error (native)
[2016-02-19 16:30:27.217] [DEBUG] debug - Checking C:\Users\Yefu\AppData\Local\Temp\d-116119-4568-wlqljc/2015/dec/birthday/DSC_0002.JPG.resize undefined
[2016-02-19 16:30:27.218] [DEBUG] debug - Loading from parent  undefined
[2016-02-19 16:30:28.671] [FATAL] debug - [TypeError: Cannot read property 'set' of undefined]
TypeError: Cannot read property 'set' of undefined
    at parent.load.res.writeHead.Content-Type (c:\Users\Yefu\Dropbox\work\ImageBuf\lib\cacheServer.js:45:31)
    at c:\Users\Yefu\Dropbox\work\ImageBuf\lib\localFileServer.js:55:25
    at Request._callback (c:\Users\Yefu\Dropbox\work\ImageBuf\lib\remoteFileServer.js:44:21)
    at Request.self.callback (c:\Users\Yefu\Dropbox\work\ImageBuf\node_modules\request\request.js:344:22)
    at emitTwo (events.js:87:13)
    at Request.emit (events.js:172:7)
    at Request.<anonymous> (c:\Users\Yefu\Dropbox\work\ImageBuf\node_modules\request\request.js:1239:14)
    at emitOne (events.js:82:20)
    at Request.emit (events.js:169:7)
    at IncomingMessage.<anonymous> (c:\Users\Yefu\Dropbox\work\ImageBuf\node_modules\request\request.js:1187:12)
[2016-02-19 16:30:28.672] [FATAL] debug - { [Error: ENOENT: no such file or directory, open 'C:\Users\Yefu\AppData\Local\Temp\d-116119-4568-wlqljc\2015\dec\birthday\DSC_0002.JPG.resize']
  errno: -4058,
  code: 'ENOENT',
  syscall: 'open',
  path: 'C:\\Users\\Yefu\\AppData\\Local\\Temp\\d-116119-4568-wlqljc\\2015\\dec\\birthday\\DSC_0002.JPG.resize' }
Error: ENOENT: no such file or directory, open 'C:\Users\Yefu\AppData\Local\Temp\d-116119-4568-wlqljc\2015\dec\birthday\DSC_0002.JPG.resize'
    at Error (native)
[2016-02-19 17:24:44.261] [DEBUG] debug - Start
[2016-02-19 17:24:44.470] [INFO] debug - Server running at http://127.0.0.1:1337/
[2016-02-19 17:24:54.209] [DEBUG] debug - Checking C:\Users\Yefu\AppData\Local\Temp\d-116119-6232-1k7vra4/2015/dec/birthday/DSC_0002.JPG.resize undefined
[2016-02-19 17:24:54.213] [DEBUG] debug - Loading from parent  undefined
[2016-02-19 17:24:55.704] [FATAL] debug - { [Error: ENOENT: no such file or directory, open 'C:\Users\Yefu\AppData\Local\Temp\d-116119-6232-1k7vra4\2015\dec\birthday\DSC_0002.JPG.resize']
  errno: -4058,
  code: 'ENOENT',
  syscall: 'open',
  path: 'C:\\Users\\Yefu\\AppData\\Local\\Temp\\d-116119-6232-1k7vra4\\2015\\dec\\birthday\\DSC_0002.JPG.resize' }
Error: ENOENT: no such file or directory, open 'C:\Users\Yefu\AppData\Local\Temp\d-116119-6232-1k7vra4\2015\dec\birthday\DSC_0002.JPG.resize'
    at Error (native)
[2016-02-19 17:35:59.038] [DEBUG] debug - Start
[2016-02-19 17:35:59.381] [INFO] debug - Server running at http://127.0.0.1:1337/
[2016-02-19 17:36:07.431] [DEBUG] debug - Checking C:\Users\Yefu\AppData\Local\Temp\d-116119-1180-bzoi2j/2015/dec/birthday/DSC_0002.JPG.resize undefined
[2016-02-19 17:36:07.436] [DEBUG] debug - Loading from parent  undefined
[2016-02-19 17:36:08.954] [FATAL] debug - [ReferenceError: path is not defined]
ReferenceError: path is not defined
    at LocalFileServer.mkdirP (c:\Users\Yefu\Dropbox\work\ImageBuf\lib\localFileServer.js:37:28)
    at c:\Users\Yefu\Dropbox\work\ImageBuf\lib\localFileServer.js:66:33
    at Request._callback (c:\Users\Yefu\Dropbox\work\ImageBuf\lib\remoteFileServer.js:44:21)
    at Request.self.callback (c:\Users\Yefu\Dropbox\work\ImageBuf\node_modules\request\request.js:344:22)
    at emitTwo (events.js:87:13)
    at Request.emit (events.js:172:7)
    at Request.<anonymous> (c:\Users\Yefu\Dropbox\work\ImageBuf\node_modules\request\request.js:1239:14)
    at emitOne (events.js:82:20)
    at Request.emit (events.js:169:7)
    at IncomingMessage.<anonymous> (c:\Users\Yefu\Dropbox\work\ImageBuf\node_modules\request\request.js:1187:12)
[2016-02-19 17:37:19.426] [DEBUG] debug - Start
[2016-02-19 17:37:19.684] [INFO] debug - Server running at http://127.0.0.1:1337/
[2016-02-19 17:37:19.859] [FATAL] debug - [TypeError: Cannot read property 'concat' of undefined]
TypeError: Cannot read property 'concat' of undefined
    at LocalFileServer.load (c:\Users\Yefu\Dropbox\work\ImageBuf\lib\localFileServer.js:51:30)
    at CacheServer.serveRequest (c:\Users\Yefu\Dropbox\work\ImageBuf\lib\cacheServer.js:44:25)
    at emitTwo (events.js:87:13)
    at Server.emit (events.js:172:7)
    at HTTPParser.parserOnIncoming [as onIncoming] (_http_server.js:528:12)
    at HTTPParser.parserOnHeadersComplete (_http_common.js:88:23)
[2016-02-19 17:38:35.671] [DEBUG] debug - Start
[2016-02-19 17:38:35.933] [INFO] debug - Server running at http://127.0.0.1:1337/
[2016-02-19 17:38:39.997] [FATAL] debug - [TypeError: Cannot read property 'concat' of undefined]
TypeError: Cannot read property 'concat' of undefined
    at LocalFileServer.load (c:\Users\Yefu\Dropbox\work\ImageBuf\lib\localFileServer.js:51:30)
    at CacheServer.serveRequest (c:\Users\Yefu\Dropbox\work\ImageBuf\lib\cacheServer.js:44:25)
    at emitTwo (events.js:87:13)
    at Server.emit (events.js:172:7)
    at HTTPParser.parserOnIncoming [as onIncoming] (_http_server.js:528:12)
    at HTTPParser.parserOnHeadersComplete (_http_common.js:88:23)
[2016-02-19 17:39:21.588] [DEBUG] debug - Start
[2016-02-19 17:39:21.860] [INFO] debug - Server running at http://127.0.0.1:1337/
[2016-02-19 17:39:25.136] [DEBUG] debug - Checking C:\Users\Yefu\AppData\Local\Temp\d-116119-7776-xgrns3/2015/dec/birthday/DSC_0002.JPG.resize undefined
[2016-02-19 17:39:25.142] [DEBUG] debug - Loading from parent  undefined
[2016-02-19 17:39:27.361] [FATAL] debug - [ReferenceError: logger is not defined]
ReferenceError: logger is not defined
    at LocalFileServer.mkdirP (c:\Users\Yefu\Dropbox\work\ImageBuf\lib\localFileServer.js:39:13)
    at c:\Users\Yefu\Dropbox\work\ImageBuf\lib\localFileServer.js:66:33
    at Request._callback (c:\Users\Yefu\Dropbox\work\ImageBuf\lib\remoteFileServer.js:44:21)
    at Request.self.callback (c:\Users\Yefu\Dropbox\work\ImageBuf\node_modules\request\request.js:344:22)
    at emitTwo (events.js:87:13)
    at Request.emit (events.js:172:7)
    at Request.<anonymous> (c:\Users\Yefu\Dropbox\work\ImageBuf\node_modules\request\request.js:1239:14)
    at emitOne (events.js:82:20)
    at Request.emit (events.js:169:7)
    at IncomingMessage.<anonymous> (c:\Users\Yefu\Dropbox\work\ImageBuf\node_modules\request\request.js:1187:12)
[2016-02-19 17:39:45.922] [DEBUG] debug - Start
[2016-02-19 17:39:46.204] [INFO] debug - Server running at http://127.0.0.1:1337/
[2016-02-19 17:39:50.401] [DEBUG] debug - Checking C:\Users\Yefu\AppData\Local\Temp\d-116119-4624-iyvyh5/2015/dec/birthday/DSC_0002.JPG.resize undefined
[2016-02-19 17:39:50.407] [DEBUG] debug - Loading from parent  undefined
[2016-02-19 17:39:51.984] [DEBUG] debug - Parent folder does not exist. Making it undefined
[2016-02-19 17:39:51.987] [FATAL] debug - [ReferenceError: mkdirP is not defined]
ReferenceError: mkdirP is not defined
    at LocalFileServer.mkdirP (c:\Users\Yefu\Dropbox\work\ImageBuf\lib\localFileServer.js:40:13)
    at c:\Users\Yefu\Dropbox\work\ImageBuf\lib\localFileServer.js:66:33
    at Request._callback (c:\Users\Yefu\Dropbox\work\ImageBuf\lib\remoteFileServer.js:44:21)
    at Request.self.callback (c:\Users\Yefu\Dropbox\work\ImageBuf\node_modules\request\request.js:344:22)
    at emitTwo (events.js:87:13)
    at Request.emit (events.js:172:7)
    at Request.<anonymous> (c:\Users\Yefu\Dropbox\work\ImageBuf\node_modules\request\request.js:1239:14)
    at emitOne (events.js:82:20)
    at Request.emit (events.js:169:7)
    at IncomingMessage.<anonymous> (c:\Users\Yefu\Dropbox\work\ImageBuf\node_modules\request\request.js:1187:12)
[2016-02-19 17:39:52.289] [DEBUG] debug - Checking C:\Users\Yefu\AppData\Local\Temp\d-116119-4624-iyvyh5/2015/dec/birthday/DSC_0002.JPG.resize undefined
[2016-02-19 17:39:52.290] [DEBUG] debug - Loading from parent  undefined
[2016-02-19 17:39:53.789] [DEBUG] debug - Parent folder does not exist. Making it undefined
[2016-02-19 17:39:53.790] [FATAL] debug - [ReferenceError: mkdirP is not defined]
ReferenceError: mkdirP is not defined
    at LocalFileServer.mkdirP (c:\Users\Yefu\Dropbox\work\ImageBuf\lib\localFileServer.js:40:13)
    at c:\Users\Yefu\Dropbox\work\ImageBuf\lib\localFileServer.js:66:33
    at Request._callback (c:\Users\Yefu\Dropbox\work\ImageBuf\lib\remoteFileServer.js:44:21)
    at Request.self.callback (c:\Users\Yefu\Dropbox\work\ImageBuf\node_modules\request\request.js:344:22)
    at emitTwo (events.js:87:13)
    at Request.emit (events.js:172:7)
    at Request.<anonymous> (c:\Users\Yefu\Dropbox\work\ImageBuf\node_modules\request\request.js:1239:14)
    at emitOne (events.js:82:20)
    at Request.emit (events.js:169:7)
    at IncomingMessage.<anonymous> (c:\Users\Yefu\Dropbox\work\ImageBuf\node_modules\request\request.js:1187:12)
[2016-02-19 17:41:12.544] [DEBUG] debug - Start
[2016-02-19 17:41:12.821] [INFO] debug - Server running at http://127.0.0.1:1337/
[2016-02-19 17:41:12.885] [DEBUG] debug - Checking C:\Users\Yefu\AppData\Local\Temp\d-116119-7388-1o0onhn/2015/dec/birthday/DSC_0002.JPG.resize undefined
[2016-02-19 17:41:12.887] [DEBUG] debug - Loading from parent  undefined
[2016-02-19 17:41:14.432] [DEBUG] debug - Parent folder does not exist. Making it undefined
[2016-02-19 17:41:14.432] [DEBUG] debug - Parent folder does not exist. Making it undefined
[2016-02-19 17:41:14.433] [DEBUG] debug - Parent folder does not exist. Making it undefined
[2016-02-19 17:41:14.461] [FATAL] debug - { [Error: EISDIR: illegal operation on a directory, open 'C:\Users\Yefu\AppData\Local\Temp\d-116119-7388-1o0onhn\2015\dec\birthday\DSC_0002.JPG.resize']
  errno: -4068,
  code: 'EISDIR',
  syscall: 'open',
  path: 'C:\\Users\\Yefu\\AppData\\Local\\Temp\\d-116119-7388-1o0onhn\\2015\\dec\\birthday\\DSC_0002.JPG.resize' }
Error: EISDIR: illegal operation on a directory, open 'C:\Users\Yefu\AppData\Local\Temp\d-116119-7388-1o0onhn\2015\dec\birthday\DSC_0002.JPG.resize'
    at Error (native)
[2016-02-19 17:43:02.906] [DEBUG] debug - Start
[2016-02-19 17:43:03.233] [INFO] debug - Server running at http://127.0.0.1:1337/
[2016-02-19 17:43:10.148] [DEBUG] debug - Checking C:\Users\Yefu\AppData\Local\Temp\d-116119-4264-1teexsx/2015/dec/birthday/DSC_0002.JPG.resize undefined
[2016-02-19 17:43:10.154] [DEBUG] debug - Loading from parent  undefined
[2016-02-19 17:43:11.822] [DEBUG] debug - Parent folder does not exist. Making it undefined
[2016-02-19 17:43:11.823] [DEBUG] debug - Parent folder does not exist. Making it undefined
[2016-02-19 17:54:24.036] [DEBUG] debug - Start
[2016-02-19 17:54:24.378] [INFO] debug - Server running at http://127.0.0.1:1337/
[2016-02-19 17:54:32.047] [DEBUG] debug - Checking C:\Users\Yefu\AppData\Local\Temp\d-116119-4464-1bi21ch/2015/dec/birthday/DSC_0002.JPG.resize undefined
[2016-02-19 17:54:32.054] [DEBUG] debug - Loading from parent  undefined
[2016-02-19 17:54:33.289] [DEBUG] debug - Parent folder does not exist. Making it undefined
[2016-02-19 17:54:33.289] [DEBUG] debug - Parent folder does not exist. Making it undefined
[2016-02-19 18:02:46.380] [DEBUG] debug - Start
[2016-02-19 18:02:46.703] [FATAL] debug - [ReferenceError: modules is not defined]
ReferenceError: modules is not defined
    at c:\Users\Yefu\Dropbox\work\ImageBuf\lib\imageMagicFilter.js:6:5
    at Object.<anonymous> (c:\Users\Yefu\Dropbox\work\ImageBuf\lib\imageMagicFilter.js:31:3)
    at Module._compile (module.js:410:26)
    at Object.Module._extensions..js (module.js:417:10)
    at Module.load (module.js:344:32)
    at Function.Module._load (module.js:301:12)
    at Module.require (module.js:354:17)
    at require (internal/module.js:12:17)
    at Object.<anonymous> (c:\Users\Yefu\Dropbox\work\ImageBuf\app.js:46:24)
    at Module._compile (module.js:410:26)
[2016-02-19 18:02:58.539] [DEBUG] debug - Start
[2016-02-19 18:02:58.872] [INFO] debug - Server running at http://127.0.0.1:1337/
[2016-02-19 18:03:04.279] [DEBUG] debug - Checking C:\Users\Yefu\AppData\Local\Temp\d-116119-7652-6tpzv/2015/dec/birthday/DSC_0002.JPG.resize undefined
[2016-02-19 18:03:04.286] [DEBUG] debug - Loading from parent  undefined
[2016-02-19 18:03:05.720] [DEBUG] debug - Parent folder does not exist. Making it undefined
[2016-02-19 18:03:05.720] [DEBUG] debug - Parent folder does not exist. Making it undefined
[2016-02-19 18:14:55.361] [DEBUG] debug - Start
[2016-02-19 18:14:55.680] [INFO] debug - Server running at http://127.0.0.1:1337/
[2016-02-19 18:14:59.141] [DEBUG] debug - Checking C:\Users\Yefu\AppData\Local\Temp\d-116119-5744-10p9yr3/2015/dec/birthday/DSC_0002.JPG.resize undefined
[2016-02-19 18:14:59.147] [DEBUG] debug - Loading from parent  undefined
[2016-02-19 18:15:00.650] [DEBUG] debug - Parent folder does not exist. Making it undefined
[2016-02-19 18:15:00.651] [DEBUG] debug - Parent folder does not exist. Making it undefined
[2016-02-19 18:16:23.098] [DEBUG] debug - Start
[2016-02-19 18:16:23.400] [INFO] debug - Server running at http://127.0.0.1:1337/
[2016-02-19 18:16:29.615] [DEBUG] debug - Checking C:\Users\Yefu\AppData\Local\Temp\d-116119-7800-1otkc6p/2015/dec/birthday/DSC_0002.JPG.resize undefined
[2016-02-19 18:16:29.621] [DEBUG] debug - Loading from parent  undefined
[2016-02-19 18:16:30.756] [FATAL] debug - [ReferenceError: localfile is not defined]
ReferenceError: localfile is not defined
    at ImageMagicFilter.filter (c:\Users\Yefu\Dropbox\work\ImageBuf\lib\imageMagicFilter.js:21:22)
    at Request._callback (c:\Users\Yefu\Dropbox\work\ImageBuf\lib\remoteFileServer.js:40:36)
    at Request.self.callback (c:\Users\Yefu\Dropbox\work\ImageBuf\node_modules\request\request.js:344:22)
    at emitTwo (events.js:87:13)
    at Request.emit (events.js:172:7)
    at Request.<anonymous> (c:\Users\Yefu\Dropbox\work\ImageBuf\node_modules\request\request.js:1239:14)
    at emitOne (events.js:82:20)
    at Request.emit (events.js:169:7)
    at IncomingMessage.<anonymous> (c:\Users\Yefu\Dropbox\work\ImageBuf\node_modules\request\request.js:1187:12)
    at emitNone (events.js:72:20)
[2016-02-19 18:16:47.713] [DEBUG] debug - Start
[2016-02-19 18:16:47.997] [INFO] debug - Server running at http://127.0.0.1:1337/
[2016-02-19 18:16:48.212] [DEBUG] debug - Checking C:\Users\Yefu\AppData\Local\Temp\d-116119-2456-13jkp9p/2015/dec/birthday/DSC_0002.JPG.resize undefined
[2016-02-19 18:16:48.218] [DEBUG] debug - Loading from parent  undefined
[2016-02-19 18:16:53.368] [DEBUG] debug - Checking C:\Users\Yefu\AppData\Local\Temp\d-116119-2456-13jkp9p/2015/dec/birthday/DSC_0002.JPG.resize undefined
[2016-02-19 18:16:53.369] [DEBUG] debug - Loading from parent  undefined
[2016-02-19 18:17:51.225] [DEBUG] debug - Start
[2016-02-19 18:17:51.470] [INFO] debug - Server running at http://127.0.0.1:1337/
[2016-02-19 18:17:55.208] [DEBUG] debug - Checking C:\Users\Yefu\AppData\Local\Temp\d-116119-9500-1oex1fh/2015/dec/birthday/DSC_0002.JPG.resize undefined
[2016-02-19 18:17:55.214] [DEBUG] debug - Loading from parent  undefined
[2016-02-19 18:18:34.227] [DEBUG] debug - Start
[2016-02-19 18:18:34.570] [INFO] debug - Server running at http://127.0.0.1:1337/
[2016-02-19 18:18:37.699] [DEBUG] debug - Checking C:\Users\Yefu\AppData\Local\Temp\d-116119-10204-bx70wr/2015/dec/birthday/DSC_0002.JPG.resize undefined
[2016-02-19 18:18:37.705] [DEBUG] debug - Loading from parent  undefined
[2016-02-19 18:19:27.077] [DEBUG] debug - Start
[2016-02-19 18:19:27.427] [INFO] debug - Server running at http://127.0.0.1:1337/
[2016-02-19 18:19:36.178] [DEBUG] debug - Checking C:\Users\Yefu\AppData\Local\Temp\d-116119-3392-1lvyh45/2015/dec/birthday/DSC_0002.JPG.resize undefined
[2016-02-19 18:19:36.182] [DEBUG] debug - Loading from parent  undefined
[2016-02-19 18:20:23.822] [DEBUG] debug - Start
[2016-02-19 18:20:24.152] [INFO] debug - Server running at http://127.0.0.1:1337/
[2016-02-19 18:20:28.188] [DEBUG] debug - Checking C:\Users\Yefu\AppData\Local\Temp\d-116119-3060-m5p4wm/2015/dec/birthday/DSC_0002.JPG.resize undefined
[2016-02-19 18:20:28.194] [DEBUG] debug - Loading from parent  undefined
[2016-02-19 18:28:02.410] [DEBUG] debug - Start
[2016-02-19 18:28:02.807] [INFO] debug - Server running at http://127.0.0.1:1337/
[2016-02-19 18:28:09.799] [DEBUG] debug - Checking C:\Users\Yefu\AppData\Local\Temp\d-116119-6512-1wr6t81/2015/dec/birthday/DSC_0002.JPG.resize undefined
[2016-02-19 18:28:09.803] [DEBUG] debug - Loading from parent  undefined
[2016-02-19 18:28:11.364] [DEBUG] debug - Parent folder does not exist. Making it undefined
[2016-02-19 18:28:11.365] [DEBUG] debug - Parent folder does not exist. Making it undefined
[2016-02-19 18:28:11.372] [FATAL] debug - [TypeError: first argument must be a string or Buffer]
TypeError: first argument must be a string or Buffer
    at ServerResponse.OutgoingMessage.end (_http_outgoing.js:550:11)
    at parent.load.res.writeHead.Content-Type (c:\Users\Yefu\Dropbox\work\ImageBuf\lib\cacheServer.js:48:25)
    at c:\Users\Yefu\Dropbox\work\ImageBuf\lib\localFileServer.js:67:25
    at gm.<anonymous> (c:\Users\Yefu\Dropbox\work\ImageBuf\lib\imageMagicFilter.js:28:21)
    at cb (c:\Users\Yefu\Dropbox\work\ImageBuf\node_modules\gm\lib\command.js:318:16)
    at gm._spawn (c:\Users\Yefu\Dropbox\work\ImageBuf\node_modules\gm\lib\command.js:305:7)
    at c:\Users\Yefu\Dropbox\work\ImageBuf\node_modules\gm\lib\command.js:140:19
    at series (c:\Users\Yefu\Dropbox\work\ImageBuf\node_modules\gm\node_modules\array-series\index.js:11:36)
    at gm._preprocess (c:\Users\Yefu\Dropbox\work\ImageBuf\node_modules\gm\lib\command.js:177:5)
    at gm.stream (c:\Users\Yefu\Dropbox\work\ImageBuf\node_modules\gm\lib\command.js:138:10)
[2016-02-19 18:29:03.867] [DEBUG] debug - Start
[2016-02-19 18:29:04.219] [INFO] debug - Server running at http://127.0.0.1:1337/
[2016-02-19 18:29:04.336] [DEBUG] debug - Checking C:\Users\Yefu\AppData\Local\Temp\d-116119-5080-2hfzqp/2015/dec/birthday/DSC_0002.JPG.resize undefined
[2016-02-19 18:29:04.340] [DEBUG] debug - Loading from parent  undefined
[2016-02-19 18:29:06.013] [DEBUG] debug - Parent folder does not exist. Making it undefined
[2016-02-19 18:29:06.013] [DEBUG] debug - Parent folder does not exist. Making it undefined
[2016-02-19 18:29:06.023] [FATAL] debug - [TypeError: first argument must be a string or Buffer]
TypeError: first argument must be a string or Buffer
    at ServerResponse.OutgoingMessage.end (_http_outgoing.js:550:11)
    at parent.load.res.writeHead.Content-Type (c:\Users\Yefu\Dropbox\work\ImageBuf\lib\cacheServer.js:48:25)
    at c:\Users\Yefu\Dropbox\work\ImageBuf\lib\localFileServer.js:67:25
    at gm.<anonymous> (c:\Users\Yefu\Dropbox\work\ImageBuf\lib\imageMagicFilter.js:29:21)
    at cb (c:\Users\Yefu\Dropbox\work\ImageBuf\node_modules\gm\lib\command.js:318:16)
    at gm._spawn (c:\Users\Yefu\Dropbox\work\ImageBuf\node_modules\gm\lib\command.js:305:7)
    at c:\Users\Yefu\Dropbox\work\ImageBuf\node_modules\gm\lib\command.js:140:19
    at series (c:\Users\Yefu\Dropbox\work\ImageBuf\node_modules\gm\node_modules\array-series\index.js:11:36)
    at gm._preprocess (c:\Users\Yefu\Dropbox\work\ImageBuf\node_modules\gm\lib\command.js:177:5)
    at gm.stream (c:\Users\Yefu\Dropbox\work\ImageBuf\node_modules\gm\lib\command.js:138:10)
[2016-02-19 18:31:28.105] [DEBUG] debug - Start
[2016-02-19 18:31:28.486] [INFO] debug - Server running at http://127.0.0.1:1337/
[2016-02-19 18:31:35.996] [DEBUG] debug - Checking C:\Users\Yefu\AppData\Local\Temp\d-116119-9844-q6snvk/2015/dec/birthday/DSC_0002.JPG.resize undefined
[2016-02-19 18:31:36.001] [DEBUG] debug - Loading from parent  undefined
[2016-02-19 18:31:38.589] [FATAL] debug - [ReferenceError: stderr is not defined]
ReferenceError: stderr is not defined
    at c:\Users\Yefu\Dropbox\work\ImageBuf\lib\imageMagicFilter.js:25:51
    at Socket.<anonymous> (c:\Users\Yefu\Dropbox\work\ImageBuf\node_modules\gm\lib\command.js:58:11)
    at emitNone (events.js:72:20)
    at Socket.emit (events.js:166:7)
    at endReadableNT (_stream_readable.js:905:12)
    at nextTickCallbackWith2Args (node.js:441:9)
    at process._tickCallback (node.js:355:17)
[2016-02-19 18:34:56.804] [DEBUG] debug - Start
[2016-02-19 18:34:57.178] [INFO] debug - Server running at http://127.0.0.1:1337/
[2016-02-19 18:35:05.490] [DEBUG] debug - Checking C:\Users\Yefu\AppData\Local\Temp\d-116119-10204-1qwggwk/2015/dec/birthday/DSC_0002.JPG.resize undefined
[2016-02-19 18:35:05.495] [DEBUG] debug - Loading from parent  undefined
[2016-02-19 18:36:20.586] [DEBUG] debug - Start
[2016-02-19 18:36:20.879] [INFO] debug - Server running at http://127.0.0.1:1337/
[2016-02-19 18:36:25.069] [DEBUG] debug - Checking C:\Users\Yefu\AppData\Local\Temp\d-116119-10104-fd48iq/2015/dec/birthday/DSC_0002.JPG.resize undefined
[2016-02-19 18:36:25.075] [DEBUG] debug - Loading from parent  undefined
[2016-02-19 18:39:26.604] [DEBUG] debug - Start
[2016-02-19 18:39:26.911] [INFO] debug - Server running at http://127.0.0.1:1337/
[2016-02-19 18:39:33.102] [DEBUG] debug - Checking C:\Users\Yefu\AppData\Local\Temp\d-116119-5060-lje036/2015/dec/birthday/DSC_0002.JPG.resize undefined
[2016-02-19 18:39:33.107] [DEBUG] debug - Loading from parent  undefined
[2016-02-19 18:42:57.021] [DEBUG] debug - Start
[2016-02-19 18:42:57.450] [INFO] debug - Server running at http://127.0.0.1:1337/
[2016-02-19 18:43:02.218] [DEBUG] debug - Checking C:\Users\Yefu\AppData\Local\Temp\d-116119-9236-19ycec2/2015/dec/birthday/DSC_0002.JPG.resize undefined
[2016-02-19 18:43:02.224] [DEBUG] debug - Loading from parent  undefined
[2016-02-19 18:43:22.836] [DEBUG] debug - Start
[2016-02-19 18:43:23.149] [INFO] debug - Server running at http://127.0.0.1:1337/
[2016-02-19 18:43:26.228] [DEBUG] debug - Checking C:\Users\Yefu\AppData\Local\Temp\d-116119-3200-1qexxdy/2015/dec/birthday/DSC_0002.JPG.resize undefined
[2016-02-19 18:43:26.234] [DEBUG] debug - Loading from parent  undefined
[2016-02-19 18:43:31.141] [DEBUG] debug - Checking C:\Users\Yefu\AppData\Local\Temp\d-116119-3200-1qexxdy/2015/dec/birthday/DSC_0002.JPG.resize undefined
[2016-02-19 18:43:31.142] [DEBUG] debug - Loading from parent  undefined
[2016-02-19 18:43:33.855] [DEBUG] debug - Checking C:\Users\Yefu\AppData\Local\Temp\d-116119-3200-1qexxdy/2015/dec/birthday/DSC_0002.JPG.resize undefined
[2016-02-19 18:43:33.856] [DEBUG] debug - Loading from parent  undefined
[2016-02-19 18:43:38.773] [DEBUG] debug - Checking C:\Users\Yefu\AppData\Local\Temp\d-116119-3200-1qexxdy/2015/dec/birthday/DSC_0002.JPG.resize undefined
[2016-02-19 18:43:38.773] [DEBUG] debug - Loading from parent  undefined
[2016-02-19 18:43:59.226] [DEBUG] debug - Start
[2016-02-19 18:43:59.639] [INFO] debug - Server running at http://127.0.0.1:1337/
[2016-02-19 18:44:05.781] [DEBUG] debug - Checking C:\Users\Yefu\AppData\Local\Temp\d-116119-8196-nk0bn9/2015/dec/birthday/DSC_0002.JPG.resize undefined
[2016-02-19 18:44:05.787] [DEBUG] debug - Loading from parent  undefined
[2016-02-19 18:44:09.261] [DEBUG] debug - Checking C:\Users\Yefu\AppData\Local\Temp\d-116119-8196-nk0bn9/2015/dec/birthday/DSC_0002.JPG.resize undefined
[2016-02-19 18:44:09.262] [DEBUG] debug - Loading from parent  undefined
[2016-02-19 18:44:51.219] [DEBUG] debug - Start
[2016-02-19 18:44:51.519] [INFO] debug - Server running at http://127.0.0.1:1337/
[2016-02-19 18:44:58.682] [DEBUG] debug - Checking C:\Users\Yefu\AppData\Local\Temp\d-116119-5064-1y03ufu/2015/dec/birthday/DSC_0002.JPG.resize undefined
[2016-02-19 18:44:58.688] [DEBUG] debug - Loading from parent  undefined
[2016-02-19 18:45:38.182] [DEBUG] debug - Start
[2016-02-19 18:45:38.528] [INFO] debug - Server running at http://127.0.0.1:1337/
[2016-02-19 18:45:42.267] [DEBUG] debug - Checking C:\Users\Yefu\AppData\Local\Temp\d-116119-4680-1xn7g8q/2015/dec/birthday/DSC_0002.JPG.resize undefined
[2016-02-19 18:45:42.275] [DEBUG] debug - Loading from parent  undefined
[2016-02-19 18:48:58.877] [DEBUG] debug - Start
[2016-02-19 18:48:59.310] [INFO] debug - Server running at http://127.0.0.1:1337/
[2016-02-19 18:49:09.483] [DEBUG] debug - Checking C:\Users\Yefu\AppData\Local\Temp\d-116119-3668-t7swm8/2015/dec/birthday/DSC_0002.JPG.resize undefined
[2016-02-19 18:49:09.489] [DEBUG] debug - Loading from parent  undefined
[2016-02-19 18:51:20.175] [DEBUG] debug - Start
[2016-02-19 18:51:20.465] [INFO] debug - Server running at http://127.0.0.1:1337/
[2016-02-19 18:51:26.403] [DEBUG] debug - Checking C:\Users\Yefu\AppData\Local\Temp\d-116119-6828-1ibxsst/2015/dec/birthday/DSC_0002.JPG.resize undefined
[2016-02-19 18:51:26.408] [DEBUG] debug - Loading from parent  undefined
[2016-02-19 18:54:02.048] [DEBUG] debug - Start
[2016-02-19 18:54:02.351] [INFO] debug - Server running at http://127.0.0.1:1337/
[2016-02-19 18:54:10.709] [DEBUG] debug - Checking C:\Users\Yefu\AppData\Local\Temp\d-116119-5748-98do8y/2015/dec/birthday/DSC_0002.JPG.resize undefined
[2016-02-19 18:54:10.715] [DEBUG] debug - Loading from parent  undefined
[2016-02-19 18:54:49.647] [DEBUG] debug - Start
[2016-02-19 18:54:50.042] [INFO] debug - Server running at http://127.0.0.1:1337/
[2016-02-19 18:54:56.389] [DEBUG] debug - Checking C:\Users\Yefu\AppData\Local\Temp\d-116119-6736-xd9lw6/2015/dec/birthday/DSC_0002.JPG.resize undefined
[2016-02-19 18:54:56.395] [DEBUG] debug - Loading from parent  undefined
[2016-02-19 18:57:03.388] [DEBUG] debug - Start
[2016-02-19 18:57:03.792] [INFO] debug - Server running at http://127.0.0.1:1337/
[2016-02-19 18:57:11.856] [DEBUG] debug - Checking C:\Users\Yefu\AppData\Local\Temp\d-116119-4160-1byh2kv/2015/dec/birthday/DSC_0002.JPG.resize undefined
[2016-02-19 18:57:11.862] [DEBUG] debug - Loading from parent  undefined
[2016-02-19 18:57:33.332] [DEBUG] debug - Start
[2016-02-19 18:57:33.648] [INFO] debug - Server running at http://127.0.0.1:1337/
[2016-02-19 18:59:11.792] [DEBUG] debug - Start
[2016-02-19 18:59:12.171] [INFO] debug - Server running at http://127.0.0.1:1337/
[2016-02-19 18:59:17.318] [DEBUG] debug - Checking C:\Users\Yefu\AppData\Local\Temp\d-116119-9264-10f6e57/2015/dec/birthday/DSC_0002.JPG.resize undefined
[2016-02-19 18:59:17.324] [DEBUG] debug - Loading from parent  undefined
[2016-02-19 18:59:47.948] [DEBUG] debug - Start
[2016-02-19 18:59:48.263] [INFO] debug - Server running at http://127.0.0.1:1337/
[2016-02-19 18:59:48.345] [DEBUG] debug - Checking C:\Users\Yefu\AppData\Local\Temp\d-116119-8856-a5vq7n/2015/dec/birthday/DSC_0002.JPG.resize undefined
[2016-02-19 18:59:48.349] [DEBUG] debug - Loading from parent  undefined
[2016-02-19 19:14:50.854] [DEBUG] debug - Start
[2016-02-19 19:14:51.232] [INFO] debug - Server running at http://127.0.0.1:1337/
[2016-02-19 19:14:59.872] [DEBUG] debug - Checking C:\Users\Yefu\AppData\Local\Temp\d-116119-5260-zpkbl4/2015/dec/birthday/DSC_0002.JPG.resize undefined
[2016-02-19 19:14:59.877] [DEBUG] debug - Loading from parent  undefined
[2016-02-19 19:15:02.666] [FATAL] debug - { [Error: spawn gm ENOENT]
  code: 'ENOENT',
  errno: 'ENOENT',
  syscall: 'spawn gm',
  path: 'gm',
  spawnargs: 
   [ 'convert',
     'C:\\Users\\Yefu\\AppData\\Local\\Temp\\116119-5260-11yb3sj.jpg',
     '-resize',
     '800x800',
     'PNG:-' ] }
Error: spawn gm ENOENT
    at exports._errnoException (util.js:870:11)
    at Process.ChildProcess._handle.onexit (internal/child_process.js:178:32)
    at onErrorNT (internal/child_process.js:344:16)
    at nextTickCallbackWith2Args (node.js:441:9)
    at process._tickCallback (node.js:355:17)
[2016-02-19 19:16:57.688] [DEBUG] debug - Start
[2016-02-19 19:16:57.912] [INFO] debug - Server running at http://127.0.0.1:1337/
[2016-02-19 19:17:04.395] [DEBUG] debug - Checking C:\Users\Yefu\AppData\Local\Temp\d-116119-10220-1dolm6b/2015/dec/birthday/DSC_0002.JPG.resize undefined
[2016-02-19 19:17:04.402] [DEBUG] debug - Loading from parent  undefined
[2016-02-19 19:17:08.592] [DEBUG] debug - Parent folder does not exist. Making it undefined
[2016-02-19 19:17:08.592] [DEBUG] debug - Parent folder does not exist. Making it undefined
[2016-02-19 19:17:36.312] [DEBUG] debug - Start
[2016-02-19 19:17:36.559] [INFO] debug - Server running at http://127.0.0.1:1337/
[2016-02-19 19:17:39.885] [DEBUG] debug - Checking C:\Users\Yefu\AppData\Local\Temp\d-116119-5152-rleyaf/2015/dec/birthday/DSC_0002.JPG.resize undefined
[2016-02-19 19:17:39.890] [DEBUG] debug - Loading from parent  undefined
[2016-02-19 19:17:43.511] [DEBUG] debug - Parent folder does not exist. Making it undefined
[2016-02-19 19:17:43.511] [DEBUG] debug - Parent folder does not exist. Making it undefined
[2016-02-19 19:17:46.564] [DEBUG] debug - Checking C:\Users\Yefu\AppData\Local\Temp\d-116119-5152-rleyaf/2015/dec/birthday/DSC_0002.JPG.resize undefined
[2016-02-19 19:17:46.568] [DEBUG] debug - Serving from a local filtered copy undefined
[2016-02-19 19:17:47.730] [DEBUG] debug - Checking C:\Users\Yefu\AppData\Local\Temp\d-116119-5152-rleyaf/2015/dec/birthday/DSC_0002.JPG.resize undefined
[2016-02-19 19:17:47.732] [DEBUG] debug - Serving from a local filtered copy undefined
[2016-02-19 19:17:48.538] [DEBUG] debug - Checking C:\Users\Yefu\AppData\Local\Temp\d-116119-5152-rleyaf/2015/dec/birthday/DSC_0002.JPG.resize undefined
[2016-02-19 19:17:48.539] [DEBUG] debug - Serving from a local filtered copy undefined
[2016-02-19 19:17:49.275] [DEBUG] debug - Checking C:\Users\Yefu\AppData\Local\Temp\d-116119-5152-rleyaf/2015/dec/birthday/DSC_0002.JPG.resize undefined
[2016-02-19 19:17:49.277] [DEBUG] debug - Serving from a local filtered copy undefined
[2016-02-19 19:17:49.963] [DEBUG] debug - Checking C:\Users\Yefu\AppData\Local\Temp\d-116119-5152-rleyaf/2015/dec/birthday/DSC_0002.JPG.resize undefined
[2016-02-19 19:17:49.967] [DEBUG] debug - Serving from a local filtered copy undefined
[2016-02-19 19:17:50.642] [DEBUG] debug - Checking C:\Users\Yefu\AppData\Local\Temp\d-116119-5152-rleyaf/2015/dec/birthday/DSC_0002.JPG.resize undefined
[2016-02-19 19:17:50.646] [DEBUG] debug - Serving from a local filtered copy undefined
[2016-02-19 19:17:51.307] [DEBUG] debug - Checking C:\Users\Yefu\AppData\Local\Temp\d-116119-5152-rleyaf/2015/dec/birthday/DSC_0002.JPG.resize undefined
[2016-02-19 19:17:51.309] [DEBUG] debug - Serving from a local filtered copy undefined
[2016-02-19 19:17:51.933] [DEBUG] debug - Checking C:\Users\Yefu\AppData\Local\Temp\d-116119-5152-rleyaf/2015/dec/birthday/DSC_0002.JPG.resize undefined
[2016-02-19 19:17:51.935] [DEBUG] debug - Serving from a local filtered copy undefined
[2016-02-19 19:17:52.580] [DEBUG] debug - Checking C:\Users\Yefu\AppData\Local\Temp\d-116119-5152-rleyaf/2015/dec/birthday/DSC_0002.JPG.resize undefined
[2016-02-19 19:17:52.584] [DEBUG] debug - Serving from a local filtered copy undefined
[2016-02-19 19:17:53.146] [DEBUG] debug - Checking C:\Users\Yefu\AppData\Local\Temp\d-116119-5152-rleyaf/2015/dec/birthday/DSC_0002.JPG.resize undefined
[2016-02-19 19:17:53.148] [DEBUG] debug - Serving from a local filtered copy undefined
[2016-02-19 19:17:53.716] [DEBUG] debug - Checking C:\Users\Yefu\AppData\Local\Temp\d-116119-5152-rleyaf/2015/dec/birthday/DSC_0002.JPG.resize undefined
[2016-02-19 19:17:53.723] [DEBUG] debug - Serving from a local filtered copy undefined
[2016-02-19 19:17:54.309] [DEBUG] debug - Checking C:\Users\Yefu\AppData\Local\Temp\d-116119-5152-rleyaf/2015/dec/birthday/DSC_0002.JPG.resize undefined
[2016-02-19 19:17:54.310] [DEBUG] debug - Serving from a local filtered copy undefined
[2016-02-19 19:17:54.876] [DEBUG] debug - Checking C:\Users\Yefu\AppData\Local\Temp\d-116119-5152-rleyaf/2015/dec/birthday/DSC_0002.JPG.resize undefined
[2016-02-19 19:17:54.877] [DEBUG] debug - Serving from a local filtered copy undefined
[2016-02-19 19:17:55.411] [DEBUG] debug - Checking C:\Users\Yefu\AppData\Local\Temp\d-116119-5152-rleyaf/2015/dec/birthday/DSC_0002.JPG.resize undefined
[2016-02-19 19:17:55.413] [DEBUG] debug - Serving from a local filtered copy undefined
[2016-02-19 19:22:17.334] [DEBUG] debug - Start
[2016-02-19 19:22:17.632] [INFO] debug - Server running at http://127.0.0.1:1337/
[2016-02-19 19:22:21.539] [DEBUG] debug - Checking C:\Users\Yefu\AppData\Local\Temp\d-116119-9128-1f4b1ve/2015/dec/birthday/DSC_0002.JPG.resize undefined
[2016-02-19 19:22:21.545] [DEBUG] debug - Loading from parent  undefined
[2016-02-19 19:22:24.696] [DEBUG] debug - Parent folder does not exist. Making it undefined
[2016-02-19 19:22:24.696] [DEBUG] debug - Parent folder does not exist. Making it undefined
[2016-02-19 19:22:40.851] [DEBUG] debug - Checking C:\Users\Yefu\AppData\Local\Temp\d-116119-9128-1f4b1ve/2015/dec/birthday/DSC_0002.JPG.resize undefined
[2016-02-19 19:22:40.854] [DEBUG] debug - Serving from a local filtered copy undefined
[2016-02-19 19:28:32.178] [DEBUG] debug - Start
[2016-02-19 19:28:32.488] [INFO] debug - Server running at http://127.0.0.1:1337/
[2016-02-19 19:28:39.213] [DEBUG] debug - Checking C:\Users\Yefu\AppData\Local\Temp\d-116119-8352-11iivwl/2015/dec/birthday/DSC_0002.JPG.resize undefined
[2016-02-19 19:28:39.219] [DEBUG] debug - Loading from parent  undefined
[2016-02-19 19:28:42.699] [DEBUG] debug - Parent folder does not exist. Making it undefined
[2016-02-19 19:28:42.699] [DEBUG] debug - Parent folder does not exist. Making it undefined
[2016-02-19 19:29:01.714] [DEBUG] debug - Start
[2016-02-19 19:29:02.025] [INFO] debug - Server running at http://127.0.0.1:1337/
[2016-02-19 19:29:06.697] [DEBUG] debug - Checking C:\Users\Yefu\AppData\Local\Temp\d-116119-2984-1f9z6nv/2015/dec/birthday/DSC_0002.JPG.resize undefined
[2016-02-19 19:29:06.701] [DEBUG] debug - Loading from parent  undefined
[2016-02-19 19:29:10.535] [DEBUG] debug - Parent folder does not exist. Making it undefined
[2016-02-19 19:29:10.535] [DEBUG] debug - Parent folder does not exist. Making it undefined
[2016-02-19 19:29:31.353] [DEBUG] debug - Checking C:\Users\Yefu\AppData\Local\Temp\d-116119-2984-1f9z6nv/2015/dec/birthday/DSC_0002.JPG.resize undefined
[2016-02-19 19:29:31.357] [DEBUG] debug - Serving from a local filtered copy undefined
[2016-02-19 19:29:43.351] [DEBUG] debug - Checking C:\Users\Yefu\AppData\Local\Temp\d-116119-2984-1f9z6nv/2015/dec/birthday/DSC_0002.JPG.resize undefined
[2016-02-19 19:29:43.353] [DEBUG] debug - Serving from a local filtered copy undefined
[2016-02-19 19:29:45.234] [DEBUG] debug - Checking C:\Users\Yefu\AppData\Local\Temp\d-116119-2984-1f9z6nv/2015/dec/birthday/DSC_0002.JPG.resize undefined
[2016-02-19 19:29:45.236] [DEBUG] debug - Serving from a local filtered copy undefined
[2016-02-19 19:29:45.446] [DEBUG] debug - Checking C:\Users\Yefu\AppData\Local\Temp\d-116119-2984-1f9z6nv/2015/dec/birthday/DSC_0002.JPG.resize undefined
[2016-02-19 19:29:45.460] [DEBUG] debug - Serving from a local filtered copy undefined
[2016-02-19 19:29:45.636] [DEBUG] debug - Checking C:\Users\Yefu\AppData\Local\Temp\d-116119-2984-1f9z6nv/2015/dec/birthday/DSC_0002.JPG.resize undefined
[2016-02-19 19:29:45.640] [DEBUG] debug - Serving from a local filtered copy undefined
[2016-02-19 19:29:45.861] [DEBUG] debug - Checking C:\Users\Yefu\AppData\Local\Temp\d-116119-2984-1f9z6nv/2015/dec/birthday/DSC_0002.JPG.resize undefined
[2016-02-19 19:29:45.863] [DEBUG] debug - Serving from a local filtered copy undefined
[2016-02-19 19:29:46.034] [DEBUG] debug - Checking C:\Users\Yefu\AppData\Local\Temp\d-116119-2984-1f9z6nv/2015/dec/birthday/DSC_0002.JPG.resize undefined
[2016-02-19 19:29:46.036] [DEBUG] debug - Serving from a local filtered copy undefined
[2016-02-19 19:29:46.231] [DEBUG] debug - Checking C:\Users\Yefu\AppData\Local\Temp\d-116119-2984-1f9z6nv/2015/dec/birthday/DSC_0002.JPG.resize undefined
[2016-02-19 19:29:46.232] [DEBUG] debug - Serving from a local filtered copy undefined
[2016-02-19 19:29:46.413] [DEBUG] debug - Checking C:\Users\Yefu\AppData\Local\Temp\d-116119-2984-1f9z6nv/2015/dec/birthday/DSC_0002.JPG.resize undefined
[2016-02-19 19:29:46.415] [DEBUG] debug - Serving from a local filtered copy undefined
[2016-02-19 19:29:46.629] [DEBUG] debug - Checking C:\Users\Yefu\AppData\Local\Temp\d-116119-2984-1f9z6nv/2015/dec/birthday/DSC_0002.JPG.resize undefined
[2016-02-19 19:29:46.630] [DEBUG] debug - Serving from a local filtered copy undefined
[2016-02-19 19:30:30.080] [DEBUG] debug - Start
[2016-02-19 19:30:30.485] [INFO] debug - Server running at http://127.0.0.1:1337/
[2016-02-19 19:30:37.755] [DEBUG] debug - Checking C:\Users\Yefu\AppData\Local\Temp\d-116119-9724-zk0wci/2015/dec/birthday/DSC_0002.JPG.resize undefined
[2016-02-19 19:30:37.760] [DEBUG] debug - Loading from parent  undefined
[2016-02-19 19:30:41.654] [DEBUG] debug - Parent folder does not exist. Making it undefined
[2016-02-19 19:30:41.654] [DEBUG] debug - Parent folder does not exist. Making it undefined
[2016-02-19 19:30:45.505] [DEBUG] debug - Checking C:\Users\Yefu\AppData\Local\Temp\d-116119-9724-zk0wci/2015/dec/birthday/DSC_0002.JPG.resize undefined
[2016-02-19 19:30:45.508] [DEBUG] debug - Serving from a local filtered copy undefined
[2016-02-19 19:30:46.703] [DEBUG] debug - Checking C:\Users\Yefu\AppData\Local\Temp\d-116119-9724-zk0wci/2015/dec/birthday/DSC_0002.JPG.resize undefined
[2016-02-19 19:30:46.706] [DEBUG] debug - Serving from a local filtered copy undefined
[2016-02-19 19:30:47.449] [DEBUG] debug - Checking C:\Users\Yefu\AppData\Local\Temp\d-116119-9724-zk0wci/2015/dec/birthday/DSC_0002.JPG.resize undefined
[2016-02-19 19:30:47.453] [DEBUG] debug - Serving from a local filtered copy undefined
[2016-02-19 19:32:20.416] [DEBUG] debug - Start
[2016-02-19 19:32:20.836] [INFO] debug - Server running at http://127.0.0.1:1337/
[2016-02-19 19:32:23.986] [DEBUG] debug - Checking C:\Users\Yefu\AppData\Local\Temp\d-116119-4376-1hegjeh/2015/dec/birthday/DSC_0002.JPG.resize undefined
[2016-02-19 19:32:23.992] [DEBUG] debug - Loading from parent  undefined
[2016-02-19 19:32:27.801] [DEBUG] debug - Parent folder does not exist. Making it undefined
[2016-02-19 19:32:27.802] [DEBUG] debug - Parent folder does not exist. Making it undefined
[2016-02-19 19:32:30.584] [DEBUG] debug - Checking C:\Users\Yefu\AppData\Local\Temp\d-116119-4376-1hegjeh/2015/dec/birthday/DSC_0002.JPG.resize undefined
[2016-02-19 19:32:30.587] [DEBUG] debug - Serving from a local filtered copy undefined
[2016-02-19 19:32:48.621] [DEBUG] debug - Checking C:\Users\Yefu\AppData\Local\Temp\d-116119-4376-1hegjeh/2015/dec/birthday/DSC_0002.JPG.resize undefined
[2016-02-19 19:32:48.623] [DEBUG] debug - Serving from a local filtered copy undefined
[2016-02-19 19:44:39.350] [DEBUG] debug - Start
[2016-02-19 19:44:39.666] [INFO] debug - Server running at http://127.0.0.1:1337/
[2016-02-19 19:44:45.686] [DEBUG] debug - Checking C:\Users\Yefu\AppData\Local\Temp\d-116119-7692-s3frdt/2015/dec/birthday/DSC_0002.JPG.resize undefined
[2016-02-19 19:44:45.692] [DEBUG] debug - Loading from parent  undefined
[2016-02-19 19:44:49.463] [DEBUG] debug - Parent folder does not exist. Making it undefined
[2016-02-19 19:44:49.463] [DEBUG] debug - Parent folder does not exist. Making it undefined
[2016-02-19 19:44:53.823] [DEBUG] debug - Checking C:\Users\Yefu\AppData\Local\Temp\d-116119-7692-s3frdt/2015/dec/birthday/DSC_0002.JPG.resize undefined
[2016-02-19 19:44:53.827] [DEBUG] debug - Serving from a local filtered copy undefined
[2016-02-19 19:44:54.900] [DEBUG] debug - Checking C:\Users\Yefu\AppData\Local\Temp\d-116119-7692-s3frdt/2015/dec/birthday/DSC_0002.JPG.resize undefined
[2016-02-19 19:44:54.902] [DEBUG] debug - Serving from a local filtered copy undefined
[2016-02-19 19:46:37.419] [DEBUG] debug - Start
[2016-02-19 19:46:37.716] [INFO] debug - Server running at http://127.0.0.1:1337/
[2016-02-19 19:46:43.184] [DEBUG] debug - Checking C:\Users\Yefu\AppData\Local\Temp\d-116119-2160-1s51djo/2015/dec/birthday/DSC_0002.JPG.resize undefined
[2016-02-19 19:46:43.189] [DEBUG] debug - Loading from parent  undefined
[2016-02-19 19:46:46.659] [DEBUG] debug - Parent folder does not exist. Making it undefined
[2016-02-19 19:46:46.659] [DEBUG] debug - Parent folder does not exist. Making it undefined
[2016-02-19 19:46:49.999] [DEBUG] debug - [MEMORY] /2015/dec/birthday/DSC_0002.JPG
[2016-02-19 19:46:51.135] [DEBUG] debug - [MEMORY] /2015/dec/birthday/DSC_0002.JPG
[2016-02-19 19:48:54.219] [DEBUG] debug - Start
[2016-02-19 19:48:54.533] [INFO] debug - Server running at http://127.0.0.1:1337/
[2016-02-19 19:48:58.622] [DEBUG] debug - Checking C:\Users\Yefu\AppData\Local\Temp\d-116119-9592-1oluizg/2015/dec/birthday/DSC_0002.JPG.resize undefined
[2016-02-19 19:48:58.628] [DEBUG] debug - Loading from parent  undefined
[2016-02-19 19:49:02.542] [DEBUG] debug - Parent folder does not exist. Making it undefined
[2016-02-19 19:49:02.543] [DEBUG] debug - Parent folder does not exist. Making it undefined
[2016-02-19 19:49:05.452] [DEBUG] debug - [MEMORY] /2015/dec/birthday/DSC_0002.JPG
[2016-02-19 19:49:06.595] [DEBUG] debug - [MEMORY] /2015/dec/birthday/DSC_0002.JPG
